This is pdfTeX, Version 3.14159265-2.6-1.40.17 (TeX Live 2016) (preloaded format=pdflatex 2016.8.16)  14 JAN 2022 16:13
entering extended mode
 restricted \write18 enabled.
 %&-line parsing enabled.
**index.tex
(./index.tex
LaTeX2e <2016/03/31>
Babel <3.9r> and hyphenation patterns for 83 language(s) loaded.
(/usr/local/texlive/2016/texmf-dist/tex/latex/tufte-latex/tufte-book.cls
Document Class: tufte-book 2015/06/21 v3.5.2 Tufte-book class
(/usr/local/texlive/2016/texmf-dist/tex/latex/tufte-latex/tufte-common.def
File: tufte-common.def 2015/06/21 v3.5.2 Common code for the Tufte-LaTeX styles

(/usr/local/texlive/2016/texmf-dist/tex/latex/xkeyval/xkeyval.sty
Package: xkeyval 2014/12/03 v2.7a package option processing (HA)
(/usr/local/texlive/2016/texmf-dist/tex/generic/xkeyval/xkeyval.tex (/usr/local
/texlive/2016/texmf-dist/tex/generic/xkeyval/xkvutils.tex
\XKV@toks=\toks14
\XKV@tempa@toks=\toks15
(/usr/local/texlive/2016/texmf-dist/tex/generic/xkeyval/keyval.tex))
\XKV@depth=\count79
File: xkeyval.tex 2014/12/03 v2.7a key=value parser (HA)
)) (/usr/local/texlive/2016/texmf-dist/tex/latex/xifthen/xifthen.sty
Package: xifthen 2015/11/05 v1.4.0 Extended ifthen features
(/usr/local/texlive/2016/texmf-dist/tex/latex/tools/calc.sty
Package: calc 2014/10/28 v4.3 Infix arithmetic (KKT,FJ)
\calc@Acount=\count80
\calc@Bcount=\count81
\calc@Adimen=\dimen102
\calc@Bdimen=\dimen103
\calc@Askip=\skip41
\calc@Bskip=\skip42
LaTeX Info: Redefining \setlength on input line 80.
LaTeX Info: Redefining \addtolength on input line 81.
\calc@Ccount=\count82
\calc@Cskip=\skip43
) (/usr/local/texlive/2016/texmf-dist/tex/latex/base/ifthen.sty
Package: ifthen 2014/09/29 v1.1c Standard LaTeX ifthen package (DPC)
) (/usr/local/texlive/2016/texmf-dist/tex/latex/ifmtarg/ifmtarg.sty
Package: ifmtarg 2009/09/02 v1.2a check for an empty argument
)) (/usr/local/texlive/2016/texmf-dist/tex/latex/hardwrap/hardwrap.sty
Package: hardwrap 2011/02/12 v0.2 Hard wrap messages
(/usr/local/texlive/2016/texmf-dist/tex/latex/ifplatform/ifplatform.sty
Package: ifplatform 2010/10/22 v0.4 Testing for the operating system
(/usr/local/texlive/2016/texmf-dist/tex/generic/oberdiek/pdftexcmds.sty
Package: pdftexcmds 2016/05/10 v0.21 Utility functions of pdfTeX for LuaTeX (HO
)
(/usr/local/texlive/2016/texmf-dist/tex/generic/oberdiek/infwarerr.sty
Package: infwarerr 2016/05/16 v1.4 Providing info/warning/error messages (HO)
) (/usr/local/texlive/2016/texmf-dist/tex/generic/oberdiek/ifluatex.sty
Package: ifluatex 2016/05/16 v1.4 Provides the ifluatex switch (HO)
Package ifluatex Info: LuaTeX not detected.
) (/usr/local/texlive/2016/texmf-dist/tex/generic/oberdiek/ltxcmds.sty
Package: ltxcmds 2016/05/16 v1.23 LaTeX kernel commands for general use (HO)
) (/usr/local/texlive/2016/texmf-dist/tex/generic/oberdiek/ifpdf.sty
Package: ifpdf 2016/05/14 v3.1 Provides the ifpdf switch
)
Package pdftexcmds Info: LuaTeX not detected.
Package pdftexcmds Info: \pdf@primitive is available.
Package pdftexcmds Info: \pdf@ifprimitive is available.
Package pdftexcmds Info: \pdfdraftmode found.
) (/usr/local/texlive/2016/texmf-dist/tex/generic/oberdiek/catchfile.sty
Package: catchfile 2016/05/16 v1.7 Catch the contents of a file (HO)
(/usr/local/texlive/2016/texmf-dist/tex/generic/oberdiek/etexcmds.sty
Package: etexcmds 2016/05/16 v1.6 Avoid name clashes with e-TeX commands (HO)
Package etexcmds Info: Could not find \expanded.
(etexcmds)             That can mean that you are not using pdfTeX 1.50 or
(etexcmds)             that some package has redefined \expanded.
(etexcmds)             In the latter case, load this package earlier.
))

Package ifplatform Warning: 
    shell escape is disabled, so I can only detect \ifwindows.

) (/usr/local/texlive/2016/texmf-dist/tex/generic/ifxetex/ifxetex.sty
Package: ifxetex 2010/09/12 v0.6 Provides ifxetex conditional
)
\hw@charcount=\count83
\hw@wordcount=\count84
\hw@maxprintline=\count85
(|kpsewhich -var-value=max_print_line))
Class tufte-book Info: Loading the base class `book'
(/usr/local/texlive/2016/texmf-dist/tex/latex/base/book.cls
Document Class: book 2014/09/29 v1.4h Standard LaTeX document class
(/usr/local/texlive/2016/texmf-dist/tex/latex/base/bk10.clo
File: bk10.clo 2014/09/29 v1.4h Standard LaTeX file (size option)
)
\c@part=\count86
\c@chapter=\count87
\c@section=\count88
\c@subsection=\count89
\c@subsubsection=\count90
\c@paragraph=\count91
\c@subparagraph=\count92
\c@figure=\count93
\c@table=\count94
\abovecaptionskip=\skip44
\belowcaptionskip=\skip45
\bibindent=\dimen104
) (/usr/local/texlive/2016/texmf-dist/tex/latex/titlesec/titlesec.sty
Package: titlesec 2016/03/21 v2.10.2 Sectioning titles
\ttl@box=\box26
\beforetitleunit=\skip46
\aftertitleunit=\skip47
\ttl@plus=\dimen105
\ttl@minus=\dimen106
\ttl@toksa=\toks16
\titlewidth=\dimen107
\titlewidthlast=\dimen108
\titlewidthfirst=\dimen109
) (/usr/local/texlive/2016/texmf-dist/tex/latex/titlesec/titletoc.sty
Package: titletoc 2011/12/15 v1.6 TOC entries
\ttl@leftsep=\dimen110
) (/usr/local/texlive/2016/texmf-dist/tex/latex/hyperref/hyperref.sty
Package: hyperref 2016/05/05 v6.83n Hypertext links for LaTeX
(/usr/local/texlive/2016/texmf-dist/tex/generic/oberdiek/hobsub-hyperref.sty
Package: hobsub-hyperref 2016/05/16 v1.14 Bundle oberdiek, subset hyperref (HO)

(/usr/local/texlive/2016/texmf-dist/tex/generic/oberdiek/hobsub-generic.sty
Package: hobsub-generic 2016/05/16 v1.14 Bundle oberdiek, subset generic (HO)
Package: hobsub 2016/05/16 v1.14 Construct package bundles (HO)
Package hobsub Info: Skipping package `infwarerr' (already loaded).
Package hobsub Info: Skipping package `ltxcmds' (already loaded).
Package hobsub Info: Skipping package `ifluatex' (already loaded).
Package: ifvtex 2016/05/16 v1.6 Detect VTeX and its facilities (HO)
Package ifvtex Info: VTeX not detected.
Package: intcalc 2016/05/16 v1.2 Expandable calculations with integers (HO)
Package hobsub Info: Skipping package `ifpdf' (already loaded).
Package hobsub Info: Skipping package `etexcmds' (already loaded).
Package: kvsetkeys 2016/05/16 v1.17 Key value parser (HO)
Package: kvdefinekeys 2016/05/16 v1.4 Define keys (HO)
Package hobsub Info: Skipping package `pdftexcmds' (already loaded).
Package: pdfescape 2016/05/16 v1.14 Implements pdfTeX's escape features (HO)
Package: bigintcalc 2016/05/16 v1.4 Expandable calculations on big integers (HO
)
Package: bitset 2016/05/16 v1.2 Handle bit-vector datatype (HO)
Package: uniquecounter 2016/05/16 v1.3 Provide unlimited unique counter (HO)
)
Package hobsub Info: Skipping package `hobsub' (already loaded).
Package: letltxmacro 2016/05/16 v1.5 Let assignment for LaTeX macros (HO)
Package: hopatch 2016/05/16 v1.3 Wrapper for package hooks (HO)
Package: xcolor-patch 2016/05/16 xcolor patch
Package: atveryend 2016/05/16 v1.9 Hooks at the very end of document (HO)
Package atveryend Info: \enddocument detected (standard20110627).
Package: atbegshi 2016/05/16 v1.17 At begin shipout hook (HO)
Package: refcount 2016/05/16 v3.5 Data extraction from label references (HO)
Package: hycolor 2016/05/16 v1.8 Color options for hyperref/bookmark (HO)
) (/usr/local/texlive/2016/texmf-dist/tex/latex/oberdiek/auxhook.sty
Package: auxhook 2016/05/16 v1.4 Hooks for auxiliary files (HO)
) (/usr/local/texlive/2016/texmf-dist/tex/latex/oberdiek/kvoptions.sty
Package: kvoptions 2016/05/16 v3.12 Key value format for package options (HO)
)
\@linkdim=\dimen111
\Hy@linkcounter=\count95
\Hy@pagecounter=\count96
(/usr/local/texlive/2016/texmf-dist/tex/latex/hyperref/pd1enc.def
File: pd1enc.def 2016/05/05 v6.83n Hyperref: PDFDocEncoding definition (HO)
)
\Hy@SavedSpaceFactor=\count97
(/usr/local/texlive/2016/texmf-dist/tex/latex/latexconfig/hyperref.cfg
File: hyperref.cfg 2002/06/06 v1.2 hyperref configuration of TeXLive
)
Package hyperref Info: Option `unicode' set `true' on input line 4322.
(/usr/local/texlive/2016/texmf-dist/tex/latex/hyperref/puenc.def
File: puenc.def 2016/05/05 v6.83n Hyperref: PDF Unicode definition (HO)
)
Package hyperref Info: Option `hyperfootnotes' set `false' on input line 4322.
Package hyperref Info: Hyper figures OFF on input line 4446.
Package hyperref Info: Link nesting OFF on input line 4451.
Package hyperref Info: Hyper index ON on input line 4454.
Package hyperref Info: Plain pages OFF on input line 4461.
Package hyperref Info: Backreferencing OFF on input line 4466.
Package hyperref Info: Implicit mode ON; LaTeX internals redefined.
Package hyperref Info: Bookmarks ON on input line 4691.
\c@Hy@tempcnt=\count98
(/usr/local/texlive/2016/texmf-dist/tex/latex/url/url.sty
\Urlmuskip=\muskip10
Package: url 2013/09/16  ver 3.4  Verb mode for urls, etc.
)
LaTeX Info: Redefining \url on input line 5044.
\XeTeXLinkMargin=\dimen112
\Fld@menulength=\count99
\Field@Width=\dimen113
\Fld@charsize=\dimen114
Package hyperref Info: Hyper figures OFF on input line 6298.
Package hyperref Info: Link nesting OFF on input line 6303.
Package hyperref Info: Hyper index ON on input line 6306.
Package hyperref Info: backreferencing OFF on input line 6313.
Package hyperref Info: Link coloring OFF on input line 6318.
Package hyperref Info: Link coloring with OCG OFF on input line 6323.
Package hyperref Info: PDF/A mode OFF on input line 6328.
LaTeX Info: Redefining \ref on input line 6368.
LaTeX Info: Redefining \pageref on input line 6372.
\Hy@abspage=\count100
\c@Item=\count101
)

Package hyperref Message: Driver (autodetected): hpdftex.

(/usr/local/texlive/2016/texmf-dist/tex/latex/hyperref/hpdftex.def
File: hpdftex.def 2016/05/05 v6.83n Hyperref driver for pdfTeX
\Fld@listcount=\count102
\c@bookmark@seq@number=\count103
(/usr/local/texlive/2016/texmf-dist/tex/latex/oberdiek/rerunfilecheck.sty
Package: rerunfilecheck 2016/05/16 v1.8 Rerun checks for auxiliary files (HO)
Package uniquecounter Info: New unique counter `rerunfilecheck' on input line 2
82.
)
\Hy@SectionHShift=\skip48
) (/usr/local/texlive/2016/texmf-dist/tex/latex/ms/ragged2e.sty
Package: ragged2e 2009/05/21 v2.1 ragged2e Package (MS)
(/usr/local/texlive/2016/texmf-dist/tex/latex/ms/everysel.sty
Package: everysel 2011/10/28 v1.2 EverySelectfont Package (MS)
)
\CenteringLeftskip=\skip49
\RaggedLeftLeftskip=\skip50
\RaggedRightLeftskip=\skip51
\CenteringRightskip=\skip52
\RaggedLeftRightskip=\skip53
\RaggedRightRightskip=\skip54
\CenteringParfillskip=\skip55
\RaggedLeftParfillskip=\skip56
\RaggedRightParfillskip=\skip57
\JustifyingParfillskip=\skip58
\CenteringParindent=\skip59
\RaggedLeftParindent=\skip60
\RaggedRightParindent=\skip61
\JustifyingParindent=\skip62
) (/usr/local/texlive/2016/texmf-dist/tex/latex/geometry/geometry.sty
Package: geometry 2010/09/12 v5.6 Page Geometry
\Gm@cnth=\count104
\Gm@cntv=\count105
\c@Gm@tempcnt=\count106
\Gm@bindingoffset=\dimen115
\Gm@wd@mp=\dimen116
\Gm@odd@mp=\dimen117
\Gm@even@mp=\dimen118
\Gm@layoutwidth=\dimen119
\Gm@layoutheight=\dimen120
\Gm@layouthoffset=\dimen121
\Gm@layoutvoffset=\dimen122
\Gm@dimlist=\toks17
) (/usr/local/texlive/2016/texmf-dist/tex/latex/changepage/changepage.sty
Package: changepage 2009/10/20 v1.0c check page and change page layout
\c@cp@cntr=\count107
\cp@tempcnt=\count108
)
\@tufte@overhang=\skip63
\@tufte@fullwidth=\skip64
\@tufte@caption@fill=\skip65
(/usr/local/texlive/2016/texmf-dist/tex/latex/paralist/paralist.sty
Package: paralist 2015/12/30 v2.5 Extended list environments
\pltopsep=\skip66
\plpartopsep=\skip67
\plitemsep=\skip68
\plparsep=\skip69
\pl@lab=\toks18
) (/usr/local/texlive/2016/texmf-dist/tex/latex/textcase/textcase.sty
Package: textcase 2004/10/07 v0.07 Text only upper/lower case changing (DPC)
) (/usr/local/texlive/2016/texmf-dist/tex/latex/microtype/letterspace.sty
Package: letterspace 2016/05/14 v2.6a Robust letterspacing (RS)
LaTeX Info: Redefining \lsstyle on input line 346.
LaTeX Info: Redefining \lslig on input line 347.
LaTeX Info: Redefining \textls on input line 372.
\MT@outer@kern=\dimen123
) (/usr/local/texlive/2016/texmf-dist/tex/latex/setspace/setspace.sty
Package: setspace 2011/12/19 v6.7a set line spacing
) (/usr/local/texlive/2016/texmf-dist/tex/latex/xcolor/xcolor.sty
Package: xcolor 2016/05/11 v2.12 LaTeX color extensions (UK)
(/usr/local/texlive/2016/texmf-dist/tex/latex/graphics-cfg/color.cfg
File: color.cfg 2016/01/02 v1.6 sample color configuration
)
Package xcolor Info: Package option `usenames' ignored on input line 216.
Package xcolor Info: Driver file: pdftex.def on input line 225.
(/usr/local/texlive/2016/texmf-dist/tex/latex/pdftex-def/pdftex.def
File: pdftex.def 2011/05/27 v0.06d Graphics/color for pdfTeX
\Gread@gobject=\count109
)
Package xcolor Info: Model `cmy' substituted by `cmy0' on input line 1348.
Package xcolor Info: Model `hsb' substituted by `rgb' on input line 1352.
Package xcolor Info: Model `RGB' extended on input line 1364.
Package xcolor Info: Model `HTML' substituted by `rgb' on input line 1366.
Package xcolor Info: Model `Hsb' substituted by `hsb' on input line 1367.
Package xcolor Info: Model `tHsb' substituted by `hsb' on input line 1368.
Package xcolor Info: Model `HSB' substituted by `hsb' on input line 1369.
Package xcolor Info: Model `Gray' substituted by `gray' on input line 1370.
Package xcolor Info: Model `wave' substituted by `hsb' on input line 1371.
(/usr/local/texlive/2016/texmf-dist/tex/latex/graphics/dvipsnam.def
File: dvipsnam.def 2015/12/30 v3.0k Driver-dependent file (DPC,SPQR)
) (/usr/local/texlive/2016/texmf-dist/tex/latex/xcolor/svgnam.def
File: svgnam.def 2016/05/11 v2.12 Predefined colors according to SVG 1.1 (UK)
)) (/usr/local/texlive/2016/texmf-dist/tex/latex/natbib/natbib.sty
Package: natbib 2010/09/13 8.31b (PWD, AO)
\bibhang=\skip70
\bibsep=\skip71
LaTeX Info: Redefining \cite on input line 694.
\c@NAT@ctr=\count110
) (/usr/local/texlive/2016/texmf-dist/tex/latex/natbib/bibentry.sty
Package: bibentry 2007/10/30 1.5 (PWD)
)
No file index.bbl.
\c@@tufte@num@bibkeys=\count111
(/usr/local/texlive/2016/texmf-dist/tex/latex/sauerj/optparams.sty
Package: optparams 2004/08/14 v0.9 multiple optional parameters in macros
)
\@tufte@sidenote@vertical@offset=\skip72
(/usr/local/texlive/2016/texmf-dist/tex/latex/placeins/placeins.sty
Package: placeins 2005/04/18  v 2.2
)
\@tufte@margin@floatbox=\box27
\@tufte@figure@box=\box28
\@tufte@caption@box=\box29
\@tufte@caption@vertical@offset=\skip73
\@tufte@float@contents@width=\skip74
(/usr/local/texlive/2016/texmf-dist/tex/latex/psnfss/mathpazo.sty
Package: mathpazo 2005/04/12 PSNFSS-v9.2a Palatino w/ Pazo Math (D.Puga, WaS) 
\symupright=\mathgroup4
) (/usr/local/texlive/2016/texmf-dist/tex/latex/psnfss/helvet.sty
Package: helvet 2005/04/12 PSNFSS-v9.2a (WaS) 
) (/usr/local/texlive/2016/texmf-dist/tex/latex/bera/beramono.sty
Package: beramono 2004/01/31 (WaS)
) (/usr/local/texlive/2016/texmf-dist/tex/latex/base/fontenc.sty
Package: fontenc 2005/09/27 v1.99g Standard LaTeX package
(/usr/local/texlive/2016/texmf-dist/tex/latex/base/t1enc.def
File: t1enc.def 2005/09/27 v1.99g Standard LaTeX file
LaTeX Font Info:    Redeclaring font encoding T1 on input line 48.
)) (/usr/local/texlive/2016/texmf-dist/tex/latex/base/textcomp.sty
Package: textcomp 2005/09/27 v1.99g Standard LaTeX package
Package textcomp Info: Sub-encoding information:
(textcomp)               5 = only ISO-Adobe without \textcurrency
(textcomp)               4 = 5 + \texteuro
(textcomp)               3 = 4 + \textohm
(textcomp)               2 = 3 + \textestimated + \textcurrency
(textcomp)               1 = TS1 - \textcircled - \t
(textcomp)               0 = TS1 (full)
(textcomp)             Font families with sub-encoding setting implement
(textcomp)             only a restricted character set as indicated.
(textcomp)             Family '?' is the default used for unknown fonts.
(textcomp)             See the documentation for details.
Package textcomp Info: Setting ? sub-encoding to TS1/1 on input line 79.
(/usr/local/texlive/2016/texmf-dist/tex/latex/base/ts1enc.def
File: ts1enc.def 2001/06/05 v3.0e (jk/car/fm) Standard LaTeX file
)
LaTeX Info: Redefining \oldstylenums on input line 334.
Package textcomp Info: Setting cmr sub-encoding to TS1/0 on input line 349.
Package textcomp Info: Setting cmss sub-encoding to TS1/0 on input line 350.
Package textcomp Info: Setting cmtt sub-encoding to TS1/0 on input line 351.
Package textcomp Info: Setting cmvtt sub-encoding to TS1/0 on input line 352.
Package textcomp Info: Setting cmbr sub-encoding to TS1/0 on input line 353.
Package textcomp Info: Setting cmtl sub-encoding to TS1/0 on input line 354.
Package textcomp Info: Setting ccr sub-encoding to TS1/0 on input line 355.
Package textcomp Info: Setting ptm sub-encoding to TS1/4 on input line 356.
Package textcomp Info: Setting pcr sub-encoding to TS1/4 on input line 357.
Package textcomp Info: Setting phv sub-encoding to TS1/4 on input line 358.
Package textcomp Info: Setting ppl sub-encoding to TS1/3 on input line 359.
Package textcomp Info: Setting pag sub-encoding to TS1/4 on input line 360.
Package textcomp Info: Setting pbk sub-encoding to TS1/4 on input line 361.
Package textcomp Info: Setting pnc sub-encoding to TS1/4 on input line 362.
Package textcomp Info: Setting pzc sub-encoding to TS1/4 on input line 363.
Package textcomp Info: Setting bch sub-encoding to TS1/4 on input line 364.
Package textcomp Info: Setting put sub-encoding to TS1/5 on input line 365.
Package textcomp Info: Setting uag sub-encoding to TS1/5 on input line 366.
Package textcomp Info: Setting ugq sub-encoding to TS1/5 on input line 367.
Package textcomp Info: Setting ul8 sub-encoding to TS1/4 on input line 368.
Package textcomp Info: Setting ul9 sub-encoding to TS1/4 on input line 369.
Package textcomp Info: Setting augie sub-encoding to TS1/5 on input line 370.
Package textcomp Info: Setting dayrom sub-encoding to TS1/3 on input line 371.
Package textcomp Info: Setting dayroms sub-encoding to TS1/3 on input line 372.

Package textcomp Info: Setting pxr sub-encoding to TS1/0 on input line 373.
Package textcomp Info: Setting pxss sub-encoding to TS1/0 on input line 374.
Package textcomp Info: Setting pxtt sub-encoding to TS1/0 on input line 375.
Package textcomp Info: Setting txr sub-encoding to TS1/0 on input line 376.
Package textcomp Info: Setting txss sub-encoding to TS1/0 on input line 377.
Package textcomp Info: Setting txtt sub-encoding to TS1/0 on input line 378.
Package textcomp Info: Setting lmr sub-encoding to TS1/0 on input line 379.
Package textcomp Info: Setting lmdh sub-encoding to TS1/0 on input line 380.
Package textcomp Info: Setting lmss sub-encoding to TS1/0 on input line 381.
Package textcomp Info: Setting lmssq sub-encoding to TS1/0 on input line 382.
Package textcomp Info: Setting lmvtt sub-encoding to TS1/0 on input line 383.
Package textcomp Info: Setting lmtt sub-encoding to TS1/0 on input line 384.
Package textcomp Info: Setting qhv sub-encoding to TS1/0 on input line 385.
Package textcomp Info: Setting qag sub-encoding to TS1/0 on input line 386.
Package textcomp Info: Setting qbk sub-encoding to TS1/0 on input line 387.
Package textcomp Info: Setting qcr sub-encoding to TS1/0 on input line 388.
Package textcomp Info: Setting qcs sub-encoding to TS1/0 on input line 389.
Package textcomp Info: Setting qpl sub-encoding to TS1/0 on input line 390.
Package textcomp Info: Setting qtm sub-encoding to TS1/0 on input line 391.
Package textcomp Info: Setting qzc sub-encoding to TS1/0 on input line 392.
Package textcomp Info: Setting qhvc sub-encoding to TS1/0 on input line 393.
Package textcomp Info: Setting futs sub-encoding to TS1/4 on input line 394.
Package textcomp Info: Setting futx sub-encoding to TS1/4 on input line 395.
Package textcomp Info: Setting futj sub-encoding to TS1/4 on input line 396.
Package textcomp Info: Setting hlh sub-encoding to TS1/3 on input line 397.
Package textcomp Info: Setting hls sub-encoding to TS1/3 on input line 398.
Package textcomp Info: Setting hlst sub-encoding to TS1/3 on input line 399.
Package textcomp Info: Setting hlct sub-encoding to TS1/5 on input line 400.
Package textcomp Info: Setting hlx sub-encoding to TS1/5 on input line 401.
Package textcomp Info: Setting hlce sub-encoding to TS1/5 on input line 402.
Package textcomp Info: Setting hlcn sub-encoding to TS1/5 on input line 403.
Package textcomp Info: Setting hlcw sub-encoding to TS1/5 on input line 404.
Package textcomp Info: Setting hlcf sub-encoding to TS1/5 on input line 405.
Package textcomp Info: Setting pplx sub-encoding to TS1/3 on input line 406.
Package textcomp Info: Setting pplj sub-encoding to TS1/3 on input line 407.
Package textcomp Info: Setting ptmx sub-encoding to TS1/4 on input line 408.
Package textcomp Info: Setting ptmj sub-encoding to TS1/4 on input line 409.
) (/usr/local/texlive/2016/texmf-dist/tex/latex/fancyhdr/fancyhdr.sty
\fancy@headwidth=\skip75
\f@ncyO@elh=\skip76
\f@ncyO@erh=\skip77
\f@ncyO@olh=\skip78
\f@ncyO@orh=\skip79
\f@ncyO@elf=\skip80
\f@ncyO@erf=\skip81
\f@ncyO@olf=\skip82
\f@ncyO@orf=\skip83
)
\tufteskipamount=\skip84
(/usr/local/texlive/2016/texmf-dist/tex/latex/tools/multicol.sty
Package: multicol 2016/04/07 v1.8p multicolumn formatting (FMi)
\c@tracingmulticols=\count112
\mult@box=\box30
\multicol@leftmargin=\dimen124
\c@unbalance=\count113
\c@collectmore=\count114
\doublecol@number=\count115
\multicoltolerance=\count116
\multicolpretolerance=\count117
\full@width=\dimen125
\page@free=\dimen126
\premulticols=\dimen127
\postmulticols=\dimen128
\multicolsep=\skip85
\multicolbaselineskip=\skip86
\partial@page=\box31
\last@line=\box32
\maxbalancingoverflow=\dimen129
\mult@rightbox=\box33
\mult@grightbox=\box34
\mult@gfirstbox=\box35
\mult@firstbox=\box36
\@tempa=\box37
\@tempa=\box38
\@tempa=\box39
\@tempa=\box40
\@tempa=\box41
\@tempa=\box42
\@tempa=\box43
\@tempa=\box44
\@tempa=\box45
\@tempa=\box46
\@tempa=\box47
\@tempa=\box48
\@tempa=\box49
\@tempa=\box50
\@tempa=\box51
\@tempa=\box52
\@tempa=\box53
\c@columnbadness=\count118
\c@finalcolumnbadness=\count119
\last@try=\dimen130
\multicolovershoot=\dimen131
\multicolundershoot=\dimen132
\mult@nat@firstbox=\box54
\colbreak@box=\box55
\mc@col@check@num=\count120
))) (/usr/local/texlive/2016/texmf-dist/tex/latex/amsfonts/amssymb.sty
Package: amssymb 2013/01/14 v3.01 AMS font symbols
(/usr/local/texlive/2016/texmf-dist/tex/latex/amsfonts/amsfonts.sty
Package: amsfonts 2013/01/14 v3.01 Basic AMSFonts support
\@emptytoks=\toks19
\symAMSa=\mathgroup5
\symAMSb=\mathgroup6
LaTeX Font Info:    Overwriting math alphabet `\mathfrak' in version `bold'
(Font)                  U/euf/m/n --> U/euf/b/n on input line 106.
)) (/usr/local/texlive/2016/texmf-dist/tex/latex/amsmath/amsmath.sty
Package: amsmath 2016/03/10 v2.15b AMS math features
\@mathmargin=\skip87
For additional information on amsmath, use the `?' option.
(/usr/local/texlive/2016/texmf-dist/tex/latex/amsmath/amstext.sty
Package: amstext 2000/06/29 v2.01 AMS text
(/usr/local/texlive/2016/texmf-dist/tex/latex/amsmath/amsgen.sty
File: amsgen.sty 1999/11/30 v2.0 generic functions
\@emptytoks=\toks20
\ex@=\dimen133
)) (/usr/local/texlive/2016/texmf-dist/tex/latex/amsmath/amsbsy.sty
Package: amsbsy 1999/11/29 v1.2d Bold Symbols
\pmbraise@=\dimen134
) (/usr/local/texlive/2016/texmf-dist/tex/latex/amsmath/amsopn.sty
Package: amsopn 2016/03/08 v2.02 operator names
)
\inf@bad=\count121
LaTeX Info: Redefining \frac on input line 199.
\uproot@=\count122
\leftroot@=\count123
LaTeX Info: Redefining \overline on input line 297.
\classnum@=\count124
\DOTSCASE@=\count125
LaTeX Info: Redefining \ldots on input line 394.
LaTeX Info: Redefining \dots on input line 397.
LaTeX Info: Redefining \cdots on input line 518.
\Mathstrutbox@=\box56
\strutbox@=\box57
\big@size=\dimen135
LaTeX Font Info:    Redeclaring font encoding OML on input line 634.
LaTeX Font Info:    Redeclaring font encoding OMS on input line 635.
\macc@depth=\count126
\c@MaxMatrixCols=\count127
\dotsspace@=\muskip11
\c@parentequation=\count128
\dspbrk@lvl=\count129
\tag@help=\toks21
\row@=\count130
\column@=\count131
\maxfields@=\count132
\andhelp@=\toks22
\eqnshift@=\dimen136
\alignsep@=\dimen137
\tagshift@=\dimen138
\tagwidth@=\dimen139
\totwidth@=\dimen140
\lineht@=\dimen141
\@envbody=\toks23
\multlinegap=\skip88
\multlinetaggap=\skip89
\mathdisplay@stack=\toks24
LaTeX Info: Redefining \[ on input line 2739.
LaTeX Info: Redefining \] on input line 2740.
) (/usr/local/texlive/2016/texmf-dist/tex/latex/base/fixltx2e.sty
Package: fixltx2e 2015/06/22 v2.0b fixes to LaTeX (obsolete)

Package fixltx2e Warning: fixltx2e is not required with releases after 2015
(fixltx2e)                All fixes are now in the LaTeX kernel.
(fixltx2e)                See the latexrelease package for details.

) (/usr/local/texlive/2016/texmf-dist/tex/latex/base/fontenc.sty
Package: fontenc 2005/09/27 v1.99g Standard LaTeX package
(/usr/local/texlive/2016/texmf-dist/tex/latex/base/t1enc.def
File: t1enc.def 2005/09/27 v1.99g Standard LaTeX file
LaTeX Font Info:    Redeclaring font encoding T1 on input line 48.
)) (/usr/local/texlive/2016/texmf-dist/tex/latex/base/inputenc.sty
Package: inputenc 2015/03/17 v1.2c Input encoding file
\inpenc@prehook=\toks25
\inpenc@posthook=\toks26
(/usr/local/texlive/2016/texmf-dist/tex/latex/base/utf8.def
File: utf8.def 2016/02/28 v1.1s UTF-8 support for inputenc
Now handling font encoding OML ...
... no UTF-8 mapping file for font encoding OML
Now handling font encoding T1 ...
... processing UTF-8 mapping file for font encoding T1
(/usr/local/texlive/2016/texmf-dist/tex/latex/base/t1enc.dfu
File: t1enc.dfu 2016/02/28 v1.1s UTF-8 support for inputenc
   defining Unicode char U+00A0 (decimal 160)
   defining Unicode char U+00A1 (decimal 161)
   defining Unicode char U+00A3 (decimal 163)
   defining Unicode char U+00AB (decimal 171)
   defining Unicode char U+00AD (decimal 173)
   defining Unicode char U+00BB (decimal 187)
   defining Unicode char U+00BF (decimal 191)
   defining Unicode char U+00C0 (decimal 192)
   defining Unicode char U+00C1 (decimal 193)
   defining Unicode char U+00C2 (decimal 194)
   defining Unicode char U+00C3 (decimal 195)
   defining Unicode char U+00C4 (decimal 196)
   defining Unicode char U+00C5 (decimal 197)
   defining Unicode char U+00C6 (decimal 198)
   defining Unicode char U+00C7 (decimal 199)
   defining Unicode char U+00C8 (decimal 200)
   defining Unicode char U+00C9 (decimal 201)
   defining Unicode char U+00CA (decimal 202)
   defining Unicode char U+00CB (decimal 203)
   defining Unicode char U+00CC (decimal 204)
   defining Unicode char U+00CD (decimal 205)
   defining Unicode char U+00CE (decimal 206)
   defining Unicode char U+00CF (decimal 207)
   defining Unicode char U+00D0 (decimal 208)
   defining Unicode char U+00D1 (decimal 209)
   defining Unicode char U+00D2 (decimal 210)
   defining Unicode char U+00D3 (decimal 211)
   defining Unicode char U+00D4 (decimal 212)
   defining Unicode char U+00D5 (decimal 213)
   defining Unicode char U+00D6 (decimal 214)
   defining Unicode char U+00D8 (decimal 216)
   defining Unicode char U+00D9 (decimal 217)
   defining Unicode char U+00DA (decimal 218)
   defining Unicode char U+00DB (decimal 219)
   defining Unicode char U+00DC (decimal 220)
   defining Unicode char U+00DD (decimal 221)
   defining Unicode char U+00DE (decimal 222)
   defining Unicode char U+00DF (decimal 223)
   defining Unicode char U+00E0 (decimal 224)
   defining Unicode char U+00E1 (decimal 225)
   defining Unicode char U+00E2 (decimal 226)
   defining Unicode char U+00E3 (decimal 227)
   defining Unicode char U+00E4 (decimal 228)
   defining Unicode char U+00E5 (decimal 229)
   defining Unicode char U+00E6 (decimal 230)
   defining Unicode char U+00E7 (decimal 231)
   defining Unicode char U+00E8 (decimal 232)
   defining Unicode char U+00E9 (decimal 233)
   defining Unicode char U+00EA (decimal 234)
   defining Unicode char U+00EB (decimal 235)
   defining Unicode char U+00EC (decimal 236)
   defining Unicode char U+00ED (decimal 237)
   defining Unicode char U+00EE (decimal 238)
   defining Unicode char U+00EF (decimal 239)
   defining Unicode char U+00F0 (decimal 240)
   defining Unicode char U+00F1 (decimal 241)
   defining Unicode char U+00F2 (decimal 242)
   defining Unicode char U+00F3 (decimal 243)
   defining Unicode char U+00F4 (decimal 244)
   defining Unicode char U+00F5 (decimal 245)
   defining Unicode char U+00F6 (decimal 246)
   defining Unicode char U+00F8 (decimal 248)
   defining Unicode char U+00F9 (decimal 249)
   defining Unicode char U+00FA (decimal 250)
   defining Unicode char U+00FB (decimal 251)
   defining Unicode char U+00FC (decimal 252)
   defining Unicode char U+00FD (decimal 253)
   defining Unicode char U+00FE (decimal 254)
   defining Unicode char U+00FF (decimal 255)
   defining Unicode char U+0100 (decimal 256)
   defining Unicode char U+0101 (decimal 257)
   defining Unicode char U+0102 (decimal 258)
   defining Unicode char U+0103 (decimal 259)
   defining Unicode char U+0104 (decimal 260)
   defining Unicode char U+0105 (decimal 261)
   defining Unicode char U+0106 (decimal 262)
   defining Unicode char U+0107 (decimal 263)
   defining Unicode char U+0108 (decimal 264)
   defining Unicode char U+0109 (decimal 265)
   defining Unicode char U+010A (decimal 266)
   defining Unicode char U+010B (decimal 267)
   defining Unicode char U+010C (decimal 268)
   defining Unicode char U+010D (decimal 269)
   defining Unicode char U+010E (decimal 270)
   defining Unicode char U+010F (decimal 271)
   defining Unicode char U+0110 (decimal 272)
   defining Unicode char U+0111 (decimal 273)
   defining Unicode char U+0112 (decimal 274)
   defining Unicode char U+0113 (decimal 275)
   defining Unicode char U+0114 (decimal 276)
   defining Unicode char U+0115 (decimal 277)
   defining Unicode char U+0116 (decimal 278)
   defining Unicode char U+0117 (decimal 279)
   defining Unicode char U+0118 (decimal 280)
   defining Unicode char U+0119 (decimal 281)
   defining Unicode char U+011A (decimal 282)
   defining Unicode char U+011B (decimal 283)
   defining Unicode char U+011C (decimal 284)
   defining Unicode char U+011D (decimal 285)
   defining Unicode char U+011E (decimal 286)
   defining Unicode char U+011F (decimal 287)
   defining Unicode char U+0120 (decimal 288)
   defining Unicode char U+0121 (decimal 289)
   defining Unicode char U+0122 (decimal 290)
   defining Unicode char U+0123 (decimal 291)
   defining Unicode char U+0124 (decimal 292)
   defining Unicode char U+0125 (decimal 293)
   defining Unicode char U+0128 (decimal 296)
   defining Unicode char U+0129 (decimal 297)
   defining Unicode char U+012A (decimal 298)
   defining Unicode char U+012B (decimal 299)
   defining Unicode char U+012C (decimal 300)
   defining Unicode char U+012D (decimal 301)
   defining Unicode char U+012E (decimal 302)
   defining Unicode char U+012F (decimal 303)
   defining Unicode char U+0130 (decimal 304)
   defining Unicode char U+0131 (decimal 305)
   defining Unicode char U+0132 (decimal 306)
   defining Unicode char U+0133 (decimal 307)
   defining Unicode char U+0134 (decimal 308)
   defining Unicode char U+0135 (decimal 309)
   defining Unicode char U+0136 (decimal 310)
   defining Unicode char U+0137 (decimal 311)
   defining Unicode char U+0139 (decimal 313)
   defining Unicode char U+013A (decimal 314)
   defining Unicode char U+013B (decimal 315)
   defining Unicode char U+013C (decimal 316)
   defining Unicode char U+013D (decimal 317)
   defining Unicode char U+013E (decimal 318)
   defining Unicode char U+0141 (decimal 321)
   defining Unicode char U+0142 (decimal 322)
   defining Unicode char U+0143 (decimal 323)
   defining Unicode char U+0144 (decimal 324)
   defining Unicode char U+0145 (decimal 325)
   defining Unicode char U+0146 (decimal 326)
   defining Unicode char U+0147 (decimal 327)
   defining Unicode char U+0148 (decimal 328)
   defining Unicode char U+014A (decimal 330)
   defining Unicode char U+014B (decimal 331)
   defining Unicode char U+014C (decimal 332)
   defining Unicode char U+014D (decimal 333)
   defining Unicode char U+014E (decimal 334)
   defining Unicode char U+014F (decimal 335)
   defining Unicode char U+0150 (decimal 336)
   defining Unicode char U+0151 (decimal 337)
   defining Unicode char U+0152 (decimal 338)
   defining Unicode char U+0153 (decimal 339)
   defining Unicode char U+0154 (decimal 340)
   defining Unicode char U+0155 (decimal 341)
   defining Unicode char U+0156 (decimal 342)
   defining Unicode char U+0157 (decimal 343)
   defining Unicode char U+0158 (decimal 344)
   defining Unicode char U+0159 (decimal 345)
   defining Unicode char U+015A (decimal 346)
   defining Unicode char U+015B (decimal 347)
   defining Unicode char U+015C (decimal 348)
   defining Unicode char U+015D (decimal 349)
   defining Unicode char U+015E (decimal 350)
   defining Unicode char U+015F (decimal 351)
   defining Unicode char U+0160 (decimal 352)
   defining Unicode char U+0161 (decimal 353)
   defining Unicode char U+0162 (decimal 354)
   defining Unicode char U+0163 (decimal 355)
   defining Unicode char U+0164 (decimal 356)
   defining Unicode char U+0165 (decimal 357)
   defining Unicode char U+0168 (decimal 360)
   defining Unicode char U+0169 (decimal 361)
   defining Unicode char U+016A (decimal 362)
   defining Unicode char U+016B (decimal 363)
   defining Unicode char U+016C (decimal 364)
   defining Unicode char U+016D (decimal 365)
   defining Unicode char U+016E (decimal 366)
   defining Unicode char U+016F (decimal 367)
   defining Unicode char U+0170 (decimal 368)
   defining Unicode char U+0171 (decimal 369)
   defining Unicode char U+0172 (decimal 370)
   defining Unicode char U+0173 (decimal 371)
   defining Unicode char U+0174 (decimal 372)
   defining Unicode char U+0175 (decimal 373)
   defining Unicode char U+0176 (decimal 374)
   defining Unicode char U+0177 (decimal 375)
   defining Unicode char U+0178 (decimal 376)
   defining Unicode char U+0179 (decimal 377)
   defining Unicode char U+017A (decimal 378)
   defining Unicode char U+017B (decimal 379)
   defining Unicode char U+017C (decimal 380)
   defining Unicode char U+017D (decimal 381)
   defining Unicode char U+017E (decimal 382)
   defining Unicode char U+01CD (decimal 461)
   defining Unicode char U+01CE (decimal 462)
   defining Unicode char U+01CF (decimal 463)
   defining Unicode char U+01D0 (decimal 464)
   defining Unicode char U+01D1 (decimal 465)
   defining Unicode char U+01D2 (decimal 466)
   defining Unicode char U+01D3 (decimal 467)
   defining Unicode char U+01D4 (decimal 468)
   defining Unicode char U+01E2 (decimal 482)
   defining Unicode char U+01E3 (decimal 483)
   defining Unicode char U+01E6 (decimal 486)
   defining Unicode char U+01E7 (decimal 487)
   defining Unicode char U+01E8 (decimal 488)
   defining Unicode char U+01E9 (decimal 489)
   defining Unicode char U+01EA (decimal 490)
   defining Unicode char U+01EB (decimal 491)
   defining Unicode char U+01F0 (decimal 496)
   defining Unicode char U+01F4 (decimal 500)
   defining Unicode char U+01F5 (decimal 501)
   defining Unicode char U+0218 (decimal 536)
   defining Unicode char U+0219 (decimal 537)
   defining Unicode char U+021A (decimal 538)
   defining Unicode char U+021B (decimal 539)
   defining Unicode char U+1E02 (decimal 7682)
   defining Unicode char U+1E03 (decimal 7683)
   defining Unicode char U+200C (decimal 8204)
   defining Unicode char U+2010 (decimal 8208)
   defining Unicode char U+2011 (decimal 8209)
   defining Unicode char U+2012 (decimal 8210)
   defining Unicode char U+2013 (decimal 8211)
   defining Unicode char U+2014 (decimal 8212)
   defining Unicode char U+2015 (decimal 8213)
   defining Unicode char U+2018 (decimal 8216)
   defining Unicode char U+2019 (decimal 8217)
   defining Unicode char U+201A (decimal 8218)
   defining Unicode char U+201C (decimal 8220)
   defining Unicode char U+201D (decimal 8221)
   defining Unicode char U+201E (decimal 8222)
   defining Unicode char U+2030 (decimal 8240)
   defining Unicode char U+2031 (decimal 8241)
   defining Unicode char U+2039 (decimal 8249)
   defining Unicode char U+203A (decimal 8250)
   defining Unicode char U+2423 (decimal 9251)
)
Now handling font encoding OT1 ...
... processing UTF-8 mapping file for font encoding OT1
(/usr/local/texlive/2016/texmf-dist/tex/latex/base/ot1enc.dfu
File: ot1enc.dfu 2016/02/28 v1.1s UTF-8 support for inputenc
   defining Unicode char U+00A0 (decimal 160)
   defining Unicode char U+00A1 (decimal 161)
   defining Unicode char U+00A3 (decimal 163)
   defining Unicode char U+00AD (decimal 173)
   defining Unicode char U+00B8 (decimal 184)
   defining Unicode char U+00BF (decimal 191)
   defining Unicode char U+00C5 (decimal 197)
   defining Unicode char U+00C6 (decimal 198)
   defining Unicode char U+00D8 (decimal 216)
   defining Unicode char U+00DF (decimal 223)
   defining Unicode char U+00E6 (decimal 230)
   defining Unicode char U+00EC (decimal 236)
   defining Unicode char U+00ED (decimal 237)
   defining Unicode char U+00EE (decimal 238)
   defining Unicode char U+00EF (decimal 239)
   defining Unicode char U+00F8 (decimal 248)
   defining Unicode char U+0131 (decimal 305)
   defining Unicode char U+0141 (decimal 321)
   defining Unicode char U+0142 (decimal 322)
   defining Unicode char U+0152 (decimal 338)
   defining Unicode char U+0153 (decimal 339)
   defining Unicode char U+0174 (decimal 372)
   defining Unicode char U+0175 (decimal 373)
   defining Unicode char U+0176 (decimal 374)
   defining Unicode char U+0177 (decimal 375)
   defining Unicode char U+0218 (decimal 536)
   defining Unicode char U+0219 (decimal 537)
   defining Unicode char U+021A (decimal 538)
   defining Unicode char U+021B (decimal 539)
   defining Unicode char U+2013 (decimal 8211)
   defining Unicode char U+2014 (decimal 8212)
   defining Unicode char U+2018 (decimal 8216)
   defining Unicode char U+2019 (decimal 8217)
   defining Unicode char U+201C (decimal 8220)
   defining Unicode char U+201D (decimal 8221)
)
Now handling font encoding OMS ...
... processing UTF-8 mapping file for font encoding OMS
(/usr/local/texlive/2016/texmf-dist/tex/latex/base/omsenc.dfu
File: omsenc.dfu 2016/02/28 v1.1s UTF-8 support for inputenc
   defining Unicode char U+00A7 (decimal 167)
   defining Unicode char U+00B6 (decimal 182)
   defining Unicode char U+00B7 (decimal 183)
   defining Unicode char U+2020 (decimal 8224)
   defining Unicode char U+2021 (decimal 8225)
   defining Unicode char U+2022 (decimal 8226)
)
Now handling font encoding OMX ...
... no UTF-8 mapping file for font encoding OMX
Now handling font encoding U ...
... no UTF-8 mapping file for font encoding U
Now handling font encoding PD1 ...
... no UTF-8 mapping file for font encoding PD1
Now handling font encoding PU ...
... no UTF-8 mapping file for font encoding PU
Now handling font encoding TS1 ...
... processing UTF-8 mapping file for font encoding TS1
(/usr/local/texlive/2016/texmf-dist/tex/latex/base/ts1enc.dfu
File: ts1enc.dfu 2016/02/28 v1.1s UTF-8 support for inputenc
   defining Unicode char U+00A2 (decimal 162)
   defining Unicode char U+00A3 (decimal 163)
   defining Unicode char U+00A4 (decimal 164)
   defining Unicode char U+00A5 (decimal 165)
   defining Unicode char U+00A6 (decimal 166)
   defining Unicode char U+00A7 (decimal 167)
   defining Unicode char U+00A8 (decimal 168)
   defining Unicode char U+00A9 (decimal 169)
   defining Unicode char U+00AA (decimal 170)
   defining Unicode char U+00AC (decimal 172)
   defining Unicode char U+00AE (decimal 174)
   defining Unicode char U+00AF (decimal 175)
   defining Unicode char U+00B0 (decimal 176)
   defining Unicode char U+00B1 (decimal 177)
   defining Unicode char U+00B2 (decimal 178)
   defining Unicode char U+00B3 (decimal 179)
   defining Unicode char U+00B4 (decimal 180)
   defining Unicode char U+00B5 (decimal 181)
   defining Unicode char U+00B6 (decimal 182)
   defining Unicode char U+00B7 (decimal 183)
   defining Unicode char U+00B9 (decimal 185)
   defining Unicode char U+00BA (decimal 186)
   defining Unicode char U+00BC (decimal 188)
   defining Unicode char U+00BD (decimal 189)
   defining Unicode char U+00BE (decimal 190)
   defining Unicode char U+00D7 (decimal 215)
   defining Unicode char U+00F7 (decimal 247)
   defining Unicode char U+0192 (decimal 402)
   defining Unicode char U+02C7 (decimal 711)
   defining Unicode char U+02D8 (decimal 728)
   defining Unicode char U+02DD (decimal 733)
   defining Unicode char U+0E3F (decimal 3647)
   defining Unicode char U+2016 (decimal 8214)
   defining Unicode char U+2020 (decimal 8224)
   defining Unicode char U+2021 (decimal 8225)
   defining Unicode char U+2022 (decimal 8226)
   defining Unicode char U+2030 (decimal 8240)
   defining Unicode char U+2031 (decimal 8241)
   defining Unicode char U+203B (decimal 8251)
   defining Unicode char U+203D (decimal 8253)
   defining Unicode char U+2044 (decimal 8260)
   defining Unicode char U+204E (decimal 8270)
   defining Unicode char U+2052 (decimal 8274)
   defining Unicode char U+20A1 (decimal 8353)
   defining Unicode char U+20A4 (decimal 8356)
   defining Unicode char U+20A6 (decimal 8358)
   defining Unicode char U+20A9 (decimal 8361)
   defining Unicode char U+20AB (decimal 8363)
   defining Unicode char U+20AC (decimal 8364)
   defining Unicode char U+20B1 (decimal 8369)
   defining Unicode char U+2103 (decimal 8451)
   defining Unicode char U+2116 (decimal 8470)
   defining Unicode char U+2117 (decimal 8471)
   defining Unicode char U+211E (decimal 8478)
   defining Unicode char U+2120 (decimal 8480)
   defining Unicode char U+2122 (decimal 8482)
   defining Unicode char U+2126 (decimal 8486)
   defining Unicode char U+2127 (decimal 8487)
   defining Unicode char U+212E (decimal 8494)
   defining Unicode char U+2190 (decimal 8592)
   defining Unicode char U+2191 (decimal 8593)
   defining Unicode char U+2192 (decimal 8594)
   defining Unicode char U+2193 (decimal 8595)
   defining Unicode char U+2329 (decimal 9001)
   defining Unicode char U+232A (decimal 9002)
   defining Unicode char U+2422 (decimal 9250)
   defining Unicode char U+25E6 (decimal 9702)
   defining Unicode char U+25EF (decimal 9711)
   defining Unicode char U+266A (decimal 9834)
)
   defining Unicode char U+00A9 (decimal 169)
   defining Unicode char U+00AA (decimal 170)
   defining Unicode char U+00AE (decimal 174)
   defining Unicode char U+00BA (decimal 186)
   defining Unicode char U+02C6 (decimal 710)
   defining Unicode char U+02DC (decimal 732)
   defining Unicode char U+200C (decimal 8204)
   defining Unicode char U+2026 (decimal 8230)
   defining Unicode char U+2122 (decimal 8482)
   defining Unicode char U+2423 (decimal 9251)
)) (/usr/local/texlive/2016/texmf-dist/tex/latex/graphics/graphicx.sty
Package: graphicx 2014/10/28 v1.0g Enhanced LaTeX Graphics (DPC,SPQR)
(/usr/local/texlive/2016/texmf-dist/tex/latex/graphics/graphics.sty
Package: graphics 2016/05/09 v1.0r Standard LaTeX Graphics (DPC,SPQR)
(/usr/local/texlive/2016/texmf-dist/tex/latex/graphics/trig.sty
Package: trig 2016/01/03 v1.10 sin cos tan (DPC)
) (/usr/local/texlive/2016/texmf-dist/tex/latex/graphics-cfg/graphics.cfg
File: graphics.cfg 2016/01/02 v1.10 sample graphics configuration
)
Package graphics Info: Driver file: pdftex.def on input line 96.
)
\Gin@req@height=\dimen142
\Gin@req@width=\dimen143
) (/usr/local/texlive/2016/texmf-dist/tex/latex/booktabs/booktabs.sty
Package: booktabs 2016/04/27 v1.618033 publication quality tables
\heavyrulewidth=\dimen144
\lightrulewidth=\dimen145
\cmidrulewidth=\dimen146
\belowrulesep=\dimen147
\belowbottomsep=\dimen148
\aboverulesep=\dimen149
\abovetopsep=\dimen150
\cmidrulesep=\dimen151
\cmidrulekern=\dimen152
\defaultaddspace=\dimen153
\@cmidla=\count133
\@cmidlb=\count134
\@aboverulesep=\dimen154
\@belowrulesep=\dimen155
\@thisruleclass=\count135
\@lastruleclass=\count136
\@thisrulewidth=\dimen156
) (/usr/local/texlive/2016/texmf-dist/tex/latex/units/units.sty
Package: units 1998/08/04 v0.9b Typesetting units
(/usr/local/texlive/2016/texmf-dist/tex/latex/units/nicefrac.sty
Package: nicefrac 1998/08/04 v0.9b Nice fractions
\L@UnitsRaiseDisplaystyle=\skip90
\L@UnitsRaiseTextstyle=\skip91
\L@UnitsRaiseScriptstyle=\skip92
)) (/usr/local/texlive/2016/texmf-dist/tex/latex/fancyvrb/fancyvrb.sty
Package: fancyvrb 2008/02/07

Style option: `fancyvrb' v2.7a, with DG/SPQR fixes, and firstline=lastline fix 
<2008/02/07> (tvz)
\FV@CodeLineNo=\count137
\FV@InFile=\read1
\FV@TabBox=\box58
\c@FancyVerbLine=\count138
\FV@StepNumber=\count139
\FV@OutFile=\write3
) (/usr/local/texlive/2016/texmf-dist/tex/generic/ulem/ulem.sty
\UL@box=\box59
\UL@hyphenbox=\box60
\UL@skip=\skip93
\UL@hook=\toks27
\UL@height=\dimen157
\UL@pe=\count140
\UL@pixel=\dimen158
\ULC@box=\box61
Package: ulem 2012/05/18
\ULdepth=\dimen159
) (/usr/local/texlive/2016/texmf-dist/tex/latex/morefloats/morefloats.sty
Package: morefloats 2015/07/22 v1.0h Raise limit of unprocessed floats (HMM)
Package morefloats Info: Maximum number of possible floats asked for: 36
(morefloats)             (i.e. 18 more floats).
(morefloats)             LaTeX might run out of memory before this
(morefloats)             (in which case it will notify you).
) (./index.aux)
\openout1 = `index.aux'.

LaTeX Font Info:    Checking defaults for OML/cmm/m/it on input line 109.
LaTeX Font Info:    ... okay on input line 109.
LaTeX Font Info:    Checking defaults for T1/cmr/m/n on input line 109.
LaTeX Font Info:    ... okay on input line 109.
LaTeX Font Info:    Checking defaults for OT1/cmr/m/n on input line 109.
LaTeX Font Info:    ... okay on input line 109.
LaTeX Font Info:    Checking defaults for OMS/cmsy/m/n on input line 109.
LaTeX Font Info:    ... okay on input line 109.
LaTeX Font Info:    Checking defaults for OMX/cmex/m/n on input line 109.
LaTeX Font Info:    ... okay on input line 109.
LaTeX Font Info:    Checking defaults for U/cmr/m/n on input line 109.
LaTeX Font Info:    ... okay on input line 109.
LaTeX Font Info:    Checking defaults for PD1/pdf/m/n on input line 109.
LaTeX Font Info:    ... okay on input line 109.
LaTeX Font Info:    Checking defaults for PU/pdf/m/n on input line 109.
LaTeX Font Info:    ... okay on input line 109.
LaTeX Font Info:    Checking defaults for TS1/cmr/m/n on input line 109.
LaTeX Font Info:    Try loading font information for TS1+cmr on input line 109.

(/usr/local/texlive/2016/texmf-dist/tex/latex/base/ts1cmr.fd
File: ts1cmr.fd 2014/09/29 v2.5h Standard LaTeX font definitions
)
LaTeX Font Info:    ... okay on input line 109.
LaTeX Font Info:    Try loading font information for T1+pplj on input line 109.

(/usr/local/texlive/2016/texmf-dist/tex/latex/psnfss/t1pplj.fd
File: t1pplj.fd 2004/09/06 font definitions for T1/pplj.
)
\AtBeginShipoutBox=\box62
Package hyperref Info: Link coloring OFF on input line 109.
(/usr/local/texlive/2016/texmf-dist/tex/latex/hyperref/nameref.sty
Package: nameref 2012/10/27 v2.43 Cross-referencing by name of section
(/usr/local/texlive/2016/texmf-dist/tex/generic/oberdiek/gettitlestring.sty
Package: gettitlestring 2016/05/16 v1.5 Cleanup title references (HO)
)
\c@section@level=\count141
)
LaTeX Info: Redefining \ref on input line 109.
LaTeX Info: Redefining \pageref on input line 109.
LaTeX Info: Redefining \nameref on input line 109.
(./index.out) (./index.out)
\@outlinefile=\write4
\openout4 = `index.out'.

ABD: EverySelectfont initializing macros
LaTeX Info: Redefining \selectfont on input line 109.
*geometry* driver: auto-detecting
*geometry* detected driver: pdftex
*geometry* verbose mode - [ preamble ] result:
* driver: pdftex
* paper: letterpaper
* layout: <same size as paper>
* layoutoffset:(h,v)=(0.0pt,0.0pt)
* modes: twoside asymmetric 
* h-part:(L,W,R)=(72.26999pt, 312.0pt, 230.02501pt)
* v-part:(T,H,B)=(72.26999pt, 616.0pt, 106.7pt)
* \paperwidth=614.295pt
* \paperheight=794.96999pt
* \textwidth=312.0pt
* \textheight=616.0pt
* \oddsidemargin=0.0pt
* \evensidemargin=0.0pt
* \topmargin=-42.0pt
* \headheight=14.0pt
* \headsep=28.0pt
* \topskip=10.0pt
* \footskip=25.29494pt
* \marginparwidth=144.0pt
* \marginparsep=24.0pt
* \columnsep=10.0pt
* \skip\footins=9.0pt plus 4.0pt minus 2.0pt
* \hoffset=0.0pt
* \voffset=0.0pt
* \mag=1000
* \@twocolumnfalse
* \@twosidetrue
* \@mparswitchfalse
* \@reversemarginfalse
* (1in=72.27pt=25.4mm, 1cm=28.453pt)

(/usr/local/texlive/2016/texmf-dist/tex/context/base/mkii/supp-pdf.mkii
[Loading MPS to PDF converter (version 2006.09.02).]
\scratchcounter=\count142
\scratchdimen=\dimen160
\scratchbox=\box63
\nofMPsegments=\count143
\nofMParguments=\count144
\everyMPshowfont=\toks28
\MPscratchCnt=\count145
\MPscratchDim=\dimen161
\MPnumerator=\count146
\makeMPintoPDFobject=\count147
\everyMPtoPDFconversion=\toks29
)
\langwohyphens=\language83
(/usr/local/texlive/2016/texmf-dist/tex/latex/oberdiek/epstopdf-base.sty
Package: epstopdf-base 2016/05/15 v2.6 Base part for package epstopdf
(/usr/local/texlive/2016/texmf-dist/tex/latex/oberdiek/grfext.sty
Package: grfext 2016/05/16 v1.2 Manage graphics extensions (HO)
)
Package grfext Info: Graphics extension search list:
(grfext)             [.png,.pdf,.jpg,.mps,.jpeg,.jbig2,.jb2,.PNG,.PDF,.JPG,.JPE
G,.JBIG2,.JB2,.eps]
(grfext)             \AppendGraphicsExtensions on input line 456.
(/usr/local/texlive/2016/texmf-dist/tex/latex/latexconfig/epstopdf-sys.cfg
File: epstopdf-sys.cfg 2010/07/13 v1.3 Configuration of (r)epstopdf for TeX Liv
e
))
LaTeX Font Info:    Try loading font information for T1+phv on input line 111.
(/usr/local/texlive/2016/texmf-dist/tex/latex/psnfss/t1phv.fd
File: t1phv.fd 2001/06/04 scalable font definitions for T1/phv.
)
LaTeX Font Info:    Font shape `T1/phv/m/n' will be
(Font)              scaled to size 8.99994pt on input line 111.
LaTeX Font Info:    Font shape `T1/phv/m/n' will be
(Font)              scaled to size 16.19989pt on input line 111.
LaTeX Font Info:    Font shape `T1/phv/m/n' will be
(Font)              scaled to size 32.39978pt on input line 111.
LaTeX Font Info:    Font shape `T1/phv/m/n' will be
(Font)              scaled to size 12.59991pt on input line 111.
[1


{/usr/local/texlive/2016/texmf-var/fonts/map/pdftex/updmap/pdftex.map}] [2


]
LaTeX Font Info:    Try loading font information for T1+fvm on input line 134.
(/usr/local/texlive/2016/texmf-dist/tex/latex/bera/t1fvm.fd
File: t1fvm.fd 2004/09/07 scalable font definitions for T1/fvm.
)
LaTeX Font Info:    Font shape `T1/fvm/m/n' will be
(Font)              scaled to size 8.50006pt on input line 134.
LaTeX Font Info:    Font shape `T1/fvm/m/it' in size <10> not available
(Font)              Font shape `T1/fvm/m/sl' tried instead on input line 135.
LaTeX Font Info:    Font shape `T1/fvm/m/sl' will be
(Font)              scaled to size 8.50006pt on input line 135.
LaTeX Font Info:    Font shape `T1/fvm/bx/n' in size <10> not available
(Font)              Font shape `T1/fvm/b/n' tried instead on input line 138.
LaTeX Font Info:    Font shape `T1/fvm/b/n' will be
(Font)              scaled to size 8.50006pt on input line 138.
[3] [4

]
LaTeX Font Info:    Try loading font information for OT1+pplx on input line 176
.
(/usr/local/texlive/2016/texmf-dist/tex/latex/psnfss/ot1pplx.fd
File: ot1pplx.fd 2004/09/06 font definitions for OT1/pplx.
)
LaTeX Font Info:    Try loading font information for OML+zplm on input line 176
.
(/usr/local/texlive/2016/texmf-dist/tex/latex/psnfss/omlzplm.fd
File: omlzplm.fd 2002/09/08 Fontinst v1.914 font definitions for OML/zplm.
)
LaTeX Font Info:    Try loading font information for OMS+zplm on input line 176
.
(/usr/local/texlive/2016/texmf-dist/tex/latex/psnfss/omszplm.fd
File: omszplm.fd 2002/09/08 Fontinst v1.914 font definitions for OMS/zplm.
)
LaTeX Font Info:    Try loading font information for OMX+zplm on input line 176
.
(/usr/local/texlive/2016/texmf-dist/tex/latex/psnfss/omxzplm.fd
File: omxzplm.fd 2002/09/08 Fontinst v1.914 font definitions for OMX/zplm.
)
LaTeX Font Info:    Try loading font information for OT1+zplm on input line 176
.
(/usr/local/texlive/2016/texmf-dist/tex/latex/psnfss/ot1zplm.fd
File: ot1zplm.fd 2002/09/08 Fontinst v1.914 font definitions for OT1/zplm.
)
LaTeX Font Info:    Font shape `U/msa/m/n' will be
(Font)              scaled to size 10.42007pt on input line 176.
LaTeX Font Info:    Font shape `U/msa/m/n' will be
(Font)              scaled to size 7.91925pt on input line 176.
LaTeX Font Info:    Font shape `U/msa/m/n' will be
(Font)              scaled to size 6.25204pt on input line 176.
LaTeX Font Info:    Font shape `U/msb/m/n' will be
(Font)              scaled to size 10.42007pt on input line 176.
LaTeX Font Info:    Font shape `U/msb/m/n' will be
(Font)              scaled to size 7.91925pt on input line 176.
LaTeX Font Info:    Font shape `U/msb/m/n' will be
(Font)              scaled to size 6.25204pt on input line 176.
[5]
Overfull \hbox (107.59686pt too wide) in paragraph at lines 210--210
[]\T1/fvm/m/n/10 ##   manufacturer model displ  year   cyl trans      drv     c
ty   hwy fl    class[] 
 []


Overfull \hbox (107.59686pt too wide) in paragraph at lines 210--210
[]\T1/fvm/m/n/10 ##   <chr>        <chr> <dbl> <int> <int> <chr>      <chr> <in
t> <int> <chr> <chr>[] 
 []


Overfull \hbox (112.7139pt too wide) in paragraph at lines 210--210
[]\T1/fvm/m/n/10 ## 1 audi         a4      1.8  1999     4 auto(l5)   f        
18    29 p     compa~[] 
 []


Overfull \hbox (112.7139pt too wide) in paragraph at lines 210--210
[]\T1/fvm/m/n/10 ## 2 audi         a4      1.8  1999     4 manual(m5) f        
21    29 p     compa~[] 
 []


Overfull \hbox (112.7139pt too wide) in paragraph at lines 210--210
[]\T1/fvm/m/n/10 ## 3 audi         a4      2    2008     4 manual(m6) f        
20    31 p     compa~[] 
 []


Overfull \hbox (112.7139pt too wide) in paragraph at lines 210--210
[]\T1/fvm/m/n/10 ## 4 audi         a4      2    2008     4 auto(av)   f        
21    30 p     compa~[] 
 []


Overfull \hbox (112.7139pt too wide) in paragraph at lines 210--210
[]\T1/fvm/m/n/10 ## 5 audi         a4      2.8  1999     6 auto(l5)   f        
16    26 p     compa~[] 
 []


Overfull \hbox (112.7139pt too wide) in paragraph at lines 210--210
[]\T1/fvm/m/n/10 ## 6 audi         a4      2.8  1999     6 manual(m5) f        
18    26 p     compa~[] 
 []

LaTeX Font Info:    Font shape `T1/pplj/bx/n' in size <10> not available
(Font)              Font shape `T1/pplj/b/n' tried instead on input line 214.

<index_files/figure-latex/unnamed-chunk-2-1.pdf, id=256, 279.0425pt x 170.6375p
t>
File: index_files/figure-latex/unnamed-chunk-2-1.pdf Graphic file (type pdf)
<use index_files/figure-latex/unnamed-chunk-2-1.pdf>
Package pdftex.def Info: index_files/figure-latex/unnamed-chunk-2-1.pdf used on
 input line 242.
(pdftex.def)             Requested size: 144.00441pt x 88.06024pt.
[6 <./index_files/figure-latex/unnamed-chunk-2-1.pdf>]
LaTeX Font Info:    Try loading font information for TS1+fvm on input line 264.

(/usr/local/texlive/2016/texmf-dist/tex/latex/bera/ts1fvm.fd
File: ts1fvm.fd 2004/09/07 scalable font definitions for TS1/fvm.
)
LaTeX Font Info:    Font shape `TS1/fvm/m/n' will be
(Font)              scaled to size 8.50006pt on input line 264.

Overfull \hbox (17.25616pt too wide) in paragraph at lines 264--265
[]\T1/fvm/m/n/10 ,{r,fig.margin = TRUE,fig.align=\TS1/fvm/m/n/10 '\T1/fvm/m/n/1
0 center\TS1/fvm/m/n/10 '\T1/fvm/m/n/10 ,mileage2} ggplot(data 
 []


<index_files/figure-latex/mileage_aes_2-1.pdf, id=269, 279.0425pt x 170.6375pt>
File: index_files/figure-latex/mileage_aes_2-1.pdf Graphic file (type pdf)
<use index_files/figure-latex/mileage_aes_2-1.pdf>
Package pdftex.def Info: index_files/figure-latex/mileage_aes_2-1.pdf used on i
nput line 300.
(pdftex.def)             Requested size: 144.00441pt x 88.06024pt.

<index_files/figure-latex/mileage_aes_themes-1.pdf, id=270, 279.0425pt x 170.63
75pt>
File: index_files/figure-latex/mileage_aes_themes-1.pdf Graphic file (type pdf)

<use index_files/figure-latex/mileage_aes_themes-1.pdf>
Package pdftex.def Info: index_files/figure-latex/mileage_aes_themes-1.pdf used
 on input line 315.
(pdftex.def)             Requested size: 144.00441pt x 88.06024pt.

<index_files/figure-latex/mileage_aes_themes-2.pdf, id=271, 279.0425pt x 170.63
75pt>
File: index_files/figure-latex/mileage_aes_themes-2.pdf Graphic file (type pdf)

<use index_files/figure-latex/mileage_aes_themes-2.pdf>
Package pdftex.def Info: index_files/figure-latex/mileage_aes_themes-2.pdf used
 on input line 324.
(pdftex.def)             Requested size: 144.00441pt x 88.06024pt.

LaTeX Warning: Marginpar on page 7 moved.

[7 <./index_files/figure-latex/mileage_aes_2-1.pdf> <./index_files/figure-latex
/mileage_aes_themes-1.pdf> <./index_files/figure-latex/mileage_aes_themes-2.pdf
>]
<index_files/figure-latex/unnamed-chunk-4-1.pdf, id=298, 256.96pt x 107.40125pt
>
File: index_files/figure-latex/unnamed-chunk-4-1.pdf Graphic file (type pdf)
<use index_files/figure-latex/unnamed-chunk-4-1.pdf>
Package pdftex.def Info: index_files/figure-latex/unnamed-chunk-4-1.pdf used on
 input line 349.
(pdftex.def)             Requested size: 144.00247pt x 60.18852pt.

<index_files/figure-latex/unnamed-chunk-5-1.pdf, id=299, 255.95625pt x 140.525p
t>
File: index_files/figure-latex/unnamed-chunk-5-1.pdf Graphic file (type pdf)
<use index_files/figure-latex/unnamed-chunk-5-1.pdf>
Package pdftex.def Info: index_files/figure-latex/unnamed-chunk-5-1.pdf used on
 input line 374.
(pdftex.def)             Requested size: 143.99846pt x 79.05797pt.
[8 <./index_files/figure-latex/unnamed-chunk-4-1.pdf> <./index_files/figure-lat
ex/unnamed-chunk-5-1.pdf>]
<index_files/figure-latex/unnamed-chunk-6-1.pdf, id=319, 248.93pt x 103.38625pt
>
File: index_files/figure-latex/unnamed-chunk-6-1.pdf Graphic file (type pdf)
<use index_files/figure-latex/unnamed-chunk-6-1.pdf>
Package pdftex.def Info: index_files/figure-latex/unnamed-chunk-6-1.pdf used on
 input line 412.
(pdftex.def)             Requested size: 144.00345pt x 59.80788pt.
[9 <./index_files/figure-latex/unnamed-chunk-6-1.pdf>] [10

] [11]
<index_files/figure-latex/unnamed-chunk-10-1.pdf, id=339, 273.02pt x 170.6375pt
>
File: index_files/figure-latex/unnamed-chunk-10-1.pdf Graphic file (type pdf)
<use index_files/figure-latex/unnamed-chunk-10-1.pdf>
Package pdftex.def Info: index_files/figure-latex/unnamed-chunk-10-1.pdf used o
n input line 509.
(pdftex.def)             Requested size: 144.00003pt x 90.0pt.

<index_files/figure-latex/unnamed-chunk-11-1.pdf, id=340, 279.0425pt x 170.6375
pt>
File: index_files/figure-latex/unnamed-chunk-11-1.pdf Graphic file (type pdf)
<use index_files/figure-latex/unnamed-chunk-11-1.pdf>
Package pdftex.def Info: index_files/figure-latex/unnamed-chunk-11-1.pdf used o
n input line 526.
(pdftex.def)             Requested size: 144.00441pt x 88.06024pt.

Overfull \hbox (112.7139pt too wide) in paragraph at lines 584--584
[]\T1/fvm/m/n/10 ##   [1] "mm" "Mm" "Mm" "Mm" "mm" "mm" "Mm" "Mm" "Mm" "Mm" "Mm
" "mm" "mm" "mm" "Mm"[] 
 []


Overfull \hbox (112.7139pt too wide) in paragraph at lines 584--584
[]\T1/fvm/m/n/10 ##  [16] "Mm" "mm" "Mm" "Mm" "MM" "Mm" "Mm" "mm" "Mm" "MM" "Mm
" "mm" "MM" "Mm" "Mm"[] 
 []


Overfull \hbox (112.7139pt too wide) in paragraph at lines 584--584
[]\T1/fvm/m/n/10 ##  [31] "MM" "mm" "Mm" "Mm" "mm" "Mm" "mm" "MM" "Mm" "mm" "Mm
" "MM" "mm" "Mm" "Mm"[] 
 []


Overfull \hbox (112.7139pt too wide) in paragraph at lines 584--584
[]\T1/fvm/m/n/10 ##  [46] "MM" "Mm" "mm" "mm" "Mm" "Mm" "MM" "mm" "mm" "mm" "Mm
" "MM" "MM" "Mm" "MM"[] 
 []


Overfull \hbox (112.7139pt too wide) in paragraph at lines 584--584
[]\T1/fvm/m/n/10 ##  [61] "MM" "Mm" "MM" "Mm" "mm" "mm" "MM" "Mm" "Mm" "MM" "MM
" "Mm" "MM" "Mm" "MM"[] 
 []

[12 <./index_files/figure-latex/unnamed-chunk-10-1.pdf> <./index_files/figure-l
atex/unnamed-chunk-11-1.pdf>]
Overfull \hbox (112.7139pt too wide) in paragraph at lines 584--584
[]\T1/fvm/m/n/10 ##  [76] "MM" "Mm" "Mm" "Mm" "mm" "Mm" "Mm" "Mm" "Mm" "MM" "Mm
" "Mm" "Mm" "Mm" "MM"[] 
 []


Overfull \hbox (112.7139pt too wide) in paragraph at lines 584--584
[]\T1/fvm/m/n/10 ##  [91] "mm" "Mm" "Mm" "mm" "MM" "Mm" "mm" "MM" "mm" "mm" "Mm
" "mm" "mm" "Mm" "MM"[] 
 []


Overfull \hbox (112.7139pt too wide) in paragraph at lines 584--584
[]\T1/fvm/m/n/10 ## [106] "Mm" "mm" "mm" "Mm" "Mm" "MM" "MM" "Mm" "mm" "Mm" "MM
" "MM" "Mm" "mm" "Mm"[] 
 []


Overfull \hbox (112.7139pt too wide) in paragraph at lines 584--584
[]\T1/fvm/m/n/10 ## [121] "Mm" "MM" "mm" "MM" "mm" "mm" "Mm" "Mm" "Mm" "mm" "Mm
" "mm" "Mm" "mm" "Mm"[] 
 []


Overfull \hbox (112.7139pt too wide) in paragraph at lines 584--584
[]\T1/fvm/m/n/10 ## [136] "MM" "Mm" "Mm" "Mm" "Mm" "MM" "Mm" "MM" "Mm" "Mm" "Mm
" "mm" "MM" "Mm" "MM"[] 
 []


Overfull \hbox (112.7139pt too wide) in paragraph at lines 584--584
[]\T1/fvm/m/n/10 ## [151] "MM" "MM" "Mm" "Mm" "mm" "mm" "Mm" "MM" "MM" "Mm" "Mm
" "mm" "Mm" "Mm" "mm"[] 
 []


Overfull \hbox (112.7139pt too wide) in paragraph at lines 584--584
[]\T1/fvm/m/n/10 ## [166] "Mm" "mm" "Mm" "Mm" "MM" "Mm" "MM" "Mm" "MM" "MM" "Mm
" "mm" "MM" "mm" "Mm"[] 
 []


Overfull \hbox (112.7139pt too wide) in paragraph at lines 584--584
[]\T1/fvm/m/n/10 ## [181] "Mm" "Mm" "Mm" "Mm" "Mm" "Mm" "mm" "Mm" "MM" "Mm" "Mm
" "MM" "mm" "MM" "Mm"[] 
 []


Overfull \hbox (112.7139pt too wide) in paragraph at lines 584--584
[]\T1/fvm/m/n/10 ## [196] "mm" "Mm" "Mm" "Mm" "Mm" "Mm" "Mm" "Mm" "Mm" "Mm" "Mm
" "MM" "MM" "Mm" "Mm"[] 
 []


Overfull \hbox (112.7139pt too wide) in paragraph at lines 584--584
[]\T1/fvm/m/n/10 ## [211] "mm" "Mm" "mm" "mm" "Mm" "MM" "Mm" "Mm" "Mm" "Mm" "mm
" "mm" "Mm" "Mm" "Mm"[] 
 []


Overfull \hbox (112.7139pt too wide) in paragraph at lines 584--584
[]\T1/fvm/m/n/10 ## [226] "mm" "MM" "MM" "MM" "Mm" "Mm" "mm" "MM" "MM" "MM" "MM
" "Mm" "Mm" "MM" "Mm"[] 
 []


Overfull \hbox (112.7139pt too wide) in paragraph at lines 584--584
[]\T1/fvm/m/n/10 ## [241] "MM" "mm" "mm" "Mm" "Mm" "Mm" "MM" "mm" "mm" "MM" "mm
" "Mm" "MM" "Mm" "Mm"[] 
 []


Overfull \hbox (112.7139pt too wide) in paragraph at lines 584--584
[]\T1/fvm/m/n/10 ## [256] "mm" "mm" "Mm" "Mm" "MM" "mm" "Mm" "Mm" "mm" "Mm" "Mm
" "Mm" "Mm" "mm" "MM"[] 
 []


Overfull \hbox (112.7139pt too wide) in paragraph at lines 584--584
[]\T1/fvm/m/n/10 ## [271] "Mm" "mm" "Mm" "MM" "Mm" "mm" "Mm" "Mm" "MM" "mm" "mm
" "Mm" "MM" "Mm" "Mm"[] 
 []


Overfull \hbox (112.7139pt too wide) in paragraph at lines 584--584
[]\T1/fvm/m/n/10 ## [286] "mm" "MM" "mm" "Mm" "Mm" "Mm" "MM" "mm" "MM" "Mm" "Mm
" "mm" "MM" "MM" "mm"[] 
 []


Overfull \hbox (112.7139pt too wide) in paragraph at lines 584--584
[]\T1/fvm/m/n/10 ## [301] "MM" "MM" "MM" "Mm" "Mm" "MM" "mm" "mm" "MM" "MM" "mm
" "Mm" "Mm" "Mm" "Mm"[] 
 []


Overfull \hbox (112.7139pt too wide) in paragraph at lines 584--584
[]\T1/fvm/m/n/10 ## [316] "MM" "mm" "Mm" "Mm" "Mm" "Mm" "MM" "Mm" "mm" "Mm" "Mm
" "Mm" "Mm" "Mm" "Mm"[] 
 []


Overfull \hbox (87.12872pt too wide) in paragraph at lines 584--584
[]\T1/fvm/m/n/10 ## [331] "mm" "MM" "mm" "mm" "Mm" "Mm" "Mm" "mm" "Mm" "mm" "MM
" "mm" "Mm" "mm"[] 
 []


Overfull \hbox (21.3398pt too wide) in paragraph at lines 599--603
\T1/pplj/m/n/10 vari-able in our dataframe and is hence equiv-a-lent to stick-l
e-back$genotype. 
 []

[13] [14]
<index_files/figure-latex/unnamed-chunk-19-1.pdf, id=369, 279.0425pt x 170.6375
pt>
File: index_files/figure-latex/unnamed-chunk-19-1.pdf Graphic file (type pdf)
<use index_files/figure-latex/unnamed-chunk-19-1.pdf>
Package pdftex.def Info: index_files/figure-latex/unnamed-chunk-19-1.pdf used o
n input line 696.
(pdftex.def)             Requested size: 144.00441pt x 88.06024pt.

<index_files/figure-latex/unnamed-chunk-19-2.pdf, id=370, 279.0425pt x 170.6375
pt>
File: index_files/figure-latex/unnamed-chunk-19-2.pdf Graphic file (type pdf)
<use index_files/figure-latex/unnamed-chunk-19-2.pdf>
Package pdftex.def Info: index_files/figure-latex/unnamed-chunk-19-2.pdf used o
n input line 708.
(pdftex.def)             Requested size: 144.00441pt x 88.06024pt.

LaTeX Warning: Marginpar on page 15 moved.

[15 <./index_files/figure-latex/unnamed-chunk-19-1.pdf> <./index_files/figure-l
atex/unnamed-chunk-19-2.pdf>]
LaTeX Font Info:    Try loading font information for TS1+pplj on input line 783
.
(/usr/local/texlive/2016/texmf-dist/tex/latex/psnfss/ts1pplj.fd
File: ts1pplj.fd 2004/09/06 font definitions for TS1/pplj.
) [16] [17]
<index_files/figure-latex/unnamed-chunk-31-1.pdf, id=397, 279.0425pt x 170.6375
pt>
File: index_files/figure-latex/unnamed-chunk-31-1.pdf Graphic file (type pdf)
<use index_files/figure-latex/unnamed-chunk-31-1.pdf>
Package pdftex.def Info: index_files/figure-latex/unnamed-chunk-31-1.pdf used o
n input line 943.
(pdftex.def)             Requested size: 144.00441pt x 88.06024pt.

<index_files/figure-latex/unnamed-chunk-32-1.pdf, id=398, 226.8475pt x 75.28125
pt>
File: index_files/figure-latex/unnamed-chunk-32-1.pdf Graphic file (type pdf)
<use index_files/figure-latex/unnamed-chunk-32-1.pdf>
Package pdftex.def Info: index_files/figure-latex/unnamed-chunk-32-1.pdf used o
n input line 958.
(pdftex.def)             Requested size: 144.00156pt x 47.78812pt.

<index_files/figure-latex/unnamed-chunk-33-1.pdf, id=399, 253.94875pt x 140.525
pt>
File: index_files/figure-latex/unnamed-chunk-33-1.pdf Graphic file (type pdf)
<use index_files/figure-latex/unnamed-chunk-33-1.pdf>
Package pdftex.def Info: index_files/figure-latex/unnamed-chunk-33-1.pdf used o
n input line 974.
(pdftex.def)             Requested size: 144.00441pt x 79.68623pt.

Overfull \hbox (41.07541pt too wide) in paragraph at lines 985--985
[]\T1/fvm/m/n/10 ## `stat_bin()` using `bins = 30`. Pick better value with `bin
width`.[] 
 []


<index_files/figure-latex/unnamed-chunk-33-2.pdf, id=400, 279.0425pt x 170.6375
pt>
File: index_files/figure-latex/unnamed-chunk-33-2.pdf Graphic file (type pdf)
<use index_files/figure-latex/unnamed-chunk-33-2.pdf>
Package pdftex.def Info: index_files/figure-latex/unnamed-chunk-33-2.pdf used o
n input line 988.
(pdftex.def)             Requested size: 144.00441pt x 88.06024pt.

LaTeX Warning: Marginpar on page 18 moved.

[18 <./index_files/figure-latex/unnamed-chunk-31-1.pdf> <./index_files/figure-l
atex/unnamed-chunk-32-1.pdf> <./index_files/figure-latex/unnamed-chunk-33-1.pdf
> <./index_files/figure-latex/unnamed-chunk-33-2.pdf>] [19

] [20] [21] [22] [23] [24

] [25]
Overfull \hbox (107.59686pt too wide) in paragraph at lines 1382--1382
[]\T1/fvm/m/n/10 ##  [1] -3.0 -2.9 -2.8 -2.7 -2.6 -2.5 -2.4 -2.3 -2.2 -2.1 -2.0
 -1.9 -1.8 -1.7 -1.6[] 
 []


Overfull \hbox (107.59686pt too wide) in paragraph at lines 1382--1382
[]\T1/fvm/m/n/10 ## [16] -1.5 -1.4 -1.3 -1.2 -1.1 -1.0 -0.9 -0.8 -0.7 -0.6 -0.5
 -0.4 -0.3 -0.2 -0.1[] 
 []


Overfull \hbox (107.59686pt too wide) in paragraph at lines 1382--1382
[]\T1/fvm/m/n/10 ## [31]  0.0  0.1  0.2  0.3  0.4  0.5  0.6  0.7  0.8  0.9  1.0
  1.1  1.2  1.3  1.4[] 
 []


Overfull \hbox (107.59686pt too wide) in paragraph at lines 1382--1382
[]\T1/fvm/m/n/10 ## [46]  1.5  1.6  1.7  1.8  1.9  2.0  2.1  2.2  2.3  2.4  2.5
  2.6  2.7  2.8  2.9[] 
 []


<index_files/figure-latex/unnamed-chunk-48-1.pdf, id=467, 255.95625pt x 138.517
5pt>
File: index_files/figure-latex/unnamed-chunk-48-1.pdf Graphic file (type pdf)
<use index_files/figure-latex/unnamed-chunk-48-1.pdf>
Package pdftex.def Info: index_files/figure-latex/unnamed-chunk-48-1.pdf used o
n input line 1398.
(pdftex.def)             Requested size: 143.99846pt x 77.92857pt.

<index_files/figure-latex/unnamed-chunk-49-1.pdf, id=468, 277.035pt x 168.63pt>
File: index_files/figure-latex/unnamed-chunk-49-1.pdf Graphic file (type pdf)
<use index_files/figure-latex/unnamed-chunk-49-1.pdf>
Package pdftex.def Info: index_files/figure-latex/unnamed-chunk-49-1.pdf used o
n input line 1413.
(pdftex.def)             Requested size: 143.99985pt x 87.65207pt.

Overfull \hbox (107.59686pt too wide) in paragraph at lines 1437--1437
[]\T1/fvm/m/n/10 ##  [1] 0.00 0.05 0.10 0.15 0.20 0.25 0.30 0.35 0.40 0.45 0.50
 0.55 0.60 0.65 0.70[] 
 []

[26 <./index_files/figure-latex/unnamed-chunk-48-1.pdf> <./index_files/figure-l
atex/unnamed-chunk-49-1.pdf>]
Overfull \hbox (61.54355pt too wide) in paragraph at lines 1456--1456
[]\T1/fvm/m/n/10 ##  [1]       -Inf -1.6448536 -1.2815516 -1.0364334 -0.8416212
 -0.6744898[] 
 []


Overfull \hbox (61.54355pt too wide) in paragraph at lines 1456--1456
[]\T1/fvm/m/n/10 ##  [7] -0.5244005 -0.3853205 -0.2533471 -0.1256613  0.0000000
  0.1256613[] 
 []


Overfull \hbox (61.54355pt too wide) in paragraph at lines 1456--1456
[]\T1/fvm/m/n/10 ## [13]  0.2533471  0.3853205  0.5244005  0.6744898  0.8416212
  1.0364334[] 
 []


<index_files/figure-latex/unnamed-chunk-51-1.pdf, id=489, 255.95625pt x 138.517
5pt>
File: index_files/figure-latex/unnamed-chunk-51-1.pdf Graphic file (type pdf)
<use index_files/figure-latex/unnamed-chunk-51-1.pdf>
Package pdftex.def Info: index_files/figure-latex/unnamed-chunk-51-1.pdf used o
n input line 1487.
(pdftex.def)             Requested size: 143.99846pt x 77.92857pt.
[27 <./index_files/figure-latex/unnamed-chunk-51-1.pdf>]
Overfull \hbox (92.24576pt too wide) in paragraph at lines 1522--1522
[]\T1/fvm/m/n/10 ##  [1] 68.11647 71.93135 68.69979 73.36497 68.40072 75.85385 
66.92182 78.22754[] 
 []


<index_files/figure-latex/unnamed-chunk-52-1.pdf, id=502, 253.94875pt x 138.517
5pt>
File: index_files/figure-latex/unnamed-chunk-52-1.pdf Graphic file (type pdf)
<use index_files/figure-latex/unnamed-chunk-52-1.pdf>
Package pdftex.def Info: index_files/figure-latex/unnamed-chunk-52-1.pdf used o
n input line 1532.
(pdftex.def)             Requested size: 144.00441pt x 78.54785pt.

<index_files/figure-latex/unnamed-chunk-52-2.pdf, id=503, 259.97125pt x 138.517
5pt>
File: index_files/figure-latex/unnamed-chunk-52-2.pdf Graphic file (type pdf)
<use index_files/figure-latex/unnamed-chunk-52-2.pdf>
Package pdftex.def Info: index_files/figure-latex/unnamed-chunk-52-2.pdf used o
n input line 1541.
(pdftex.def)             Requested size: 144.00014pt x 76.72594pt.

LaTeX Warning: Marginpar on page 28 moved.


<index_files/figure-latex/unnamed-chunk-52-3.pdf, id=504, 255.95625pt x 138.517
5pt>
File: index_files/figure-latex/unnamed-chunk-52-3.pdf Graphic file (type pdf)
<use index_files/figure-latex/unnamed-chunk-52-3.pdf>
Package pdftex.def Info: index_files/figure-latex/unnamed-chunk-52-3.pdf used o
n input line 1550.
(pdftex.def)             Requested size: 143.99846pt x 77.92857pt.

LaTeX Warning: Marginpar on page 28 moved.

[28 <./index_files/figure-latex/unnamed-chunk-52-1.pdf> <./index_files/figure-l
atex/unnamed-chunk-52-2.pdf> <./index_files/figure-latex/unnamed-chunk-52-3.pdf
>]
<index_files/figure-latex/unnamed-chunk-55-1.pdf, id=533, 279.0425pt x 170.6375
pt>
File: index_files/figure-latex/unnamed-chunk-55-1.pdf Graphic file (type pdf)
<use index_files/figure-latex/unnamed-chunk-55-1.pdf>
Package pdftex.def Info: index_files/figure-latex/unnamed-chunk-55-1.pdf used o
n input line 1631.
(pdftex.def)             Requested size: 144.00441pt x 88.06024pt.

<index_files/figure-latex/unnamed-chunk-56-1.pdf, id=534, 279.0425pt x 170.6375
pt>
File: index_files/figure-latex/unnamed-chunk-56-1.pdf Graphic file (type pdf)
<use index_files/figure-latex/unnamed-chunk-56-1.pdf>
Package pdftex.def Info: index_files/figure-latex/unnamed-chunk-56-1.pdf used o
n input line 1646.
(pdftex.def)             Requested size: 144.00441pt x 88.06024pt.
[29 <./index_files/figure-latex/unnamed-chunk-55-1.pdf> <./index_files/figure-l
atex/unnamed-chunk-56-1.pdf>]
<index_files/figure-latex/unnamed-chunk-57-1.pdf, id=553, 277.035pt x 170.6375p
t>
File: index_files/figure-latex/unnamed-chunk-57-1.pdf Graphic file (type pdf)
<use index_files/figure-latex/unnamed-chunk-57-1.pdf>
Package pdftex.def Info: index_files/figure-latex/unnamed-chunk-57-1.pdf used o
n input line 1680.
(pdftex.def)             Requested size: 143.99985pt x 88.69554pt.
[30 <./index_files/figure-latex/unnamed-chunk-57-1.pdf>]
Overfull \hbox (35.95837pt too wide) in paragraph at lines 1734--1734
[]\T1/fvm/m/n/10 ## Warning: One or more parsing issues, see `problems()` for d
etails[] 
 []

[31

]
<index_files/figure-latex/unnamed-chunk-59-1.pdf, id=570, 247.92625pt x 110.412
5pt>
File: index_files/figure-latex/unnamed-chunk-59-1.pdf Graphic file (type pdf)
<use index_files/figure-latex/unnamed-chunk-59-1.pdf>
Package pdftex.def Info: index_files/figure-latex/unnamed-chunk-59-1.pdf used o
n input line 1819.
(pdftex.def)             Requested size: 144.0016pt x 64.13026pt.
[32 <./index_files/figure-latex/unnamed-chunk-59-1.pdf>]
Overfull \hbox (46.19244pt too wide) in paragraph at lines 1859--1859
[]\T1/fvm/m/n/10 ## number of successes = 10, number of trials = 25, p-value = 
9.94e-07[] 
 []


Overfull \hbox (76.89465pt too wide) in paragraph at lines 1859--1859
[]\T1/fvm/m/n/10 ## alternative hypothesis: true probability of success is not 
equal to 0.061[] 
 []

LaTeX Font Info:    Font shape `U/msa/m/n' will be
(Font)              scaled to size 12.50409pt on input line 1877.
LaTeX Font Info:    Font shape `U/msa/m/n' will be
(Font)              scaled to size 9.37807pt on input line 1877.
LaTeX Font Info:    Font shape `U/msa/m/n' will be
(Font)              scaled to size 7.29405pt on input line 1877.
LaTeX Font Info:    Font shape `U/msb/m/n' will be
(Font)              scaled to size 12.50409pt on input line 1877.
LaTeX Font Info:    Font shape `U/msb/m/n' will be
(Font)              scaled to size 9.37807pt on input line 1877.
LaTeX Font Info:    Font shape `U/msb/m/n' will be
(Font)              scaled to size 7.29405pt on input line 1877.
[33]
<index_files/figure-latex/unnamed-chunk-65-1.pdf, id=586, 279.0425pt x 171.6412
5pt>
File: index_files/figure-latex/unnamed-chunk-65-1.pdf Graphic file (type pdf)
<use index_files/figure-latex/unnamed-chunk-65-1.pdf>
Package pdftex.def Info: index_files/figure-latex/unnamed-chunk-65-1.pdf used o
n input line 1966.
(pdftex.def)             Requested size: 144.00441pt x 88.57823pt.
[34 <./index_files/figure-latex/unnamed-chunk-65-1.pdf>] [35] [36]
Overfull \hbox (56.42651pt too wide) in paragraph at lines 2113--2113
[]\T1/fvm/m/n/10 ## Warning in chisq.test(obsFreqGroup, p = expFreqGroup/76): C
hi-squared[] 
 []


<index_files/figure-latex/unnamed-chunk-71-1.pdf, id=606, 277.035pt x 171.64125
pt>
File: index_files/figure-latex/unnamed-chunk-71-1.pdf Graphic file (type pdf)
<use index_files/figure-latex/unnamed-chunk-71-1.pdf>
Package pdftex.def Info: index_files/figure-latex/unnamed-chunk-71-1.pdf used o
n input line 2160.
(pdftex.def)             Requested size: 143.99985pt x 89.21729pt.
[37 <./index_files/figure-latex/unnamed-chunk-71-1.pdf>]
<index_files/figure-latex/heat_histo2-1.pdf, id=619, 279.0425pt x 171.64125pt>
File: index_files/figure-latex/heat_histo2-1.pdf Graphic file (type pdf)
<use index_files/figure-latex/heat_histo2-1.pdf>
Package pdftex.def Info: index_files/figure-latex/heat_histo2-1.pdf used on inp
ut line 2204.
(pdftex.def)             Requested size: 144.00441pt x 88.57823pt.
[38 <./index_files/figure-latex/heat_histo2-1.pdf>]
Overfull \hbox (41.07541pt too wide) in paragraph at lines 2279--2279
[]\T1/fvm/m/n/10 ## `stat_bin()` using `bins = 30`. Pick better value with `bin
width`.[] 
 []


<index_files/figure-latex/unnamed-chunk-75-1.pdf, id=632, 279.0425pt x 170.6375
pt>
File: index_files/figure-latex/unnamed-chunk-75-1.pdf Graphic file (type pdf)
<use index_files/figure-latex/unnamed-chunk-75-1.pdf>
Package pdftex.def Info: index_files/figure-latex/unnamed-chunk-75-1.pdf used o
n input line 2282.
(pdftex.def)             Requested size: 144.00441pt x 88.06024pt.

Overfull \hbox (41.07541pt too wide) in paragraph at lines 2307--2307
[]\T1/fvm/m/n/10 ## alternative hypothesis: true difference in means is not equ
al to 0[] 
 []

[39 <./index_files/figure-latex/unnamed-chunk-75-1.pdf>]
Overfull \hbox (327.62936pt too wide) in paragraph at lines 2329--2329
[]\T1/fvm/m/n/10 ## data:  lizard$squamosalHornLength[lizard$Survival == "kille
d"] and lizard$squamosalHornLength[lizard$Survival == "living"][] 
 []


Overfull \hbox (41.07541pt too wide) in paragraph at lines 2329--2329
[]\T1/fvm/m/n/10 ## alternative hypothesis: true difference in means is not equ
al to 0[] 
 []


Overfull \hbox (41.07541pt too wide) in paragraph at lines 2370--2370
[]\T1/fvm/m/n/10 ## alternative hypothesis: true difference in means is not equ
al to 0[] 
 []

[40] [41] [42

]
Overfull \hbox (41.07541pt too wide) in paragraph at lines 2406--2406
[]\T1/fvm/m/n/10 ## `stat_bin()` using `bins = 30`. Pick better value with `bin
width`.[] 
 []


<index_files/figure-latex/unnamed-chunk-80-1.pdf, id=656, 279.0425pt x 168.63pt
>
File: index_files/figure-latex/unnamed-chunk-80-1.pdf Graphic file (type pdf)
<use index_files/figure-latex/unnamed-chunk-80-1.pdf>
Package pdftex.def Info: index_files/figure-latex/unnamed-chunk-80-1.pdf used o
n input line 2409.
(pdftex.def)             Requested size: 144.00441pt x 87.02423pt.

<index_files/figure-latex/unnamed-chunk-81-1.pdf, id=657, 256.96pt x 140.525pt>
File: index_files/figure-latex/unnamed-chunk-81-1.pdf Graphic file (type pdf)
<use index_files/figure-latex/unnamed-chunk-81-1.pdf>
Package pdftex.def Info: index_files/figure-latex/unnamed-chunk-81-1.pdf used o
n input line 2447.
(pdftex.def)             Requested size: 144.00247pt x 78.75134pt.
[43 <./index_files/figure-latex/unnamed-chunk-80-1.pdf>]
Overfull \hbox (41.07541pt too wide) in paragraph at lines 2474--2474
[]\T1/fvm/m/n/10 ## `stat_bin()` using `bins = 30`. Pick better value with `bin
width`.[] 
 []


<index_files/figure-latex/unnamed-chunk-83-1.pdf, id=670, 279.0425pt x 170.6375
pt>
File: index_files/figure-latex/unnamed-chunk-83-1.pdf Graphic file (type pdf)
<use index_files/figure-latex/unnamed-chunk-83-1.pdf>
Package pdftex.def Info: index_files/figure-latex/unnamed-chunk-83-1.pdf used o
n input line 2477.
(pdftex.def)             Requested size: 144.00441pt x 88.06024pt.

<index_files/figure-latex/unnamed-chunk-83-2.pdf, id=671, 256.96pt x 149.55875p
t>
File: index_files/figure-latex/unnamed-chunk-83-2.pdf Graphic file (type pdf)
<use index_files/figure-latex/unnamed-chunk-83-2.pdf>
Package pdftex.def Info: index_files/figure-latex/unnamed-chunk-83-2.pdf used o
n input line 2486.
(pdftex.def)             Requested size: 144.00247pt x 83.81393pt.

LaTeX Warning: Marginpar on page 44 moved.


Overfull \hbox (41.07541pt too wide) in paragraph at lines 2523--2523
[]\T1/fvm/m/n/10 ## `stat_bin()` using `bins = 30`. Pick better value with `bin
width`.[] 
 []


<index_files/figure-latex/unnamed-chunk-85-1.pdf, id=672, 279.0425pt x 168.63pt
>
File: index_files/figure-latex/unnamed-chunk-85-1.pdf Graphic file (type pdf)
<use index_files/figure-latex/unnamed-chunk-85-1.pdf>
Package pdftex.def Info: index_files/figure-latex/unnamed-chunk-85-1.pdf used o
n input line 2526.
(pdftex.def)             Requested size: 144.00441pt x 87.02423pt.
[44 <./index_files/figure-latex/unnamed-chunk-81-1.pdf> <./index_files/figure-l
atex/unnamed-chunk-83-1.pdf> <./index_files/figure-latex/unnamed-chunk-83-2.pdf
> <./index_files/figure-latex/unnamed-chunk-85-1.pdf>]
<index_files/figure-latex/unnamed-chunk-87-1.pdf, id=709, 279.0425pt x 170.6375
pt>
File: index_files/figure-latex/unnamed-chunk-87-1.pdf Graphic file (type pdf)
<use index_files/figure-latex/unnamed-chunk-87-1.pdf>
Package pdftex.def Info: index_files/figure-latex/unnamed-chunk-87-1.pdf used o
n input line 2563.
(pdftex.def)             Requested size: 144.00441pt x 88.06024pt.

Overfull \hbox (15.49023pt too wide) in paragraph at lines 2581--2581
[]\T1/fvm/m/n/10 ## alternative hypothesis: true location shift is not equal to
 0[] 
 []

[45 <./index_files/figure-latex/unnamed-chunk-87-1.pdf>]
<index_files/figure-latex/unnamed-chunk-92-1.pdf, id=721, 253.94875pt x 140.525
pt>
File: index_files/figure-latex/unnamed-chunk-92-1.pdf Graphic file (type pdf)
<use index_files/figure-latex/unnamed-chunk-92-1.pdf>
Package pdftex.def Info: index_files/figure-latex/unnamed-chunk-92-1.pdf used o
n input line 2655.
(pdftex.def)             Requested size: 144.00441pt x 79.68623pt.
[46 <./index_files/figure-latex/unnamed-chunk-92-1.pdf>]
<index_files/figure-latex/unnamed-chunk-96-1.pdf, id=734, 252.945pt x 111.41624
pt>
File: index_files/figure-latex/unnamed-chunk-96-1.pdf Graphic file (type pdf)
<use index_files/figure-latex/unnamed-chunk-96-1.pdf>
Package pdftex.def Info: index_files/figure-latex/unnamed-chunk-96-1.pdf used o
n input line 2712.
(pdftex.def)             Requested size: 144.0026pt x 63.4297pt.
[47 <./index_files/figure-latex/unnamed-chunk-96-1.pdf>] [48

]
<index_files/figure-latex/unnamed-chunk-99-1.pdf, id=750, 279.0425pt x 168.63pt
>
File: index_files/figure-latex/unnamed-chunk-99-1.pdf Graphic file (type pdf)
<use index_files/figure-latex/unnamed-chunk-99-1.pdf>
Package pdftex.def Info: index_files/figure-latex/unnamed-chunk-99-1.pdf used o
n input line 2758.
(pdftex.def)             Requested size: 144.00441pt x 87.02423pt.
[49 <./index_files/figure-latex/unnamed-chunk-99-1.pdf>]
Overfull \hbox (20.60727pt too wide) in paragraph at lines 2780--2780
[]\T1/fvm/m/n/10 ## Signif. codes:  0 '***' 0.001 '**' 0.01 '*' 0.05 '.' 0.1 ' 
' 1[] 
 []


<index_files/figure-latex/unnamed-chunk-103-1.pdf, id=763, 273.02pt x 170.6375p
t>
File: index_files/figure-latex/unnamed-chunk-103-1.pdf Graphic file (type pdf)
<use index_files/figure-latex/unnamed-chunk-103-1.pdf>
Package pdftex.def Info: index_files/figure-latex/unnamed-chunk-103-1.pdf used 
on input line 2835.
(pdftex.def)             Requested size: 144.00003pt x 90.0pt.
[50 <./index_files/figure-latex/unnamed-chunk-103-1.pdf>]
<index_files/figure-latex/unnamed-chunk-104-1.pdf, id=776, 273.02pt x 170.6375p
t>
File: index_files/figure-latex/unnamed-chunk-104-1.pdf Graphic file (type pdf)
<use index_files/figure-latex/unnamed-chunk-104-1.pdf>
Package pdftex.def Info: index_files/figure-latex/unnamed-chunk-104-1.pdf used 
on input line 2859.
(pdftex.def)             Requested size: 144.00003pt x 90.0pt.

Overfull \hbox (0.13913pt too wide) in paragraph at lines 2899--2899
[]\T1/fvm/m/n/10 ## lm(formula = sqrtArea ~ height + herbivores, data = algae)[
] 
 []


Overfull \hbox (20.60727pt too wide) in paragraph at lines 2899--2899
[]\T1/fvm/m/n/10 ## Signif. codes:  0 '***' 0.001 '**' 0.01 '*' 0.05 '.' 0.1 ' 
' 1[] 
 []

[51 <./index_files/figure-latex/unnamed-chunk-104-1.pdf>]
Overfull \hbox (20.60727pt too wide) in paragraph at lines 2927--2927
[]\T1/fvm/m/n/10 ## Signif. codes:  0 '***' 0.001 '**' 0.01 '*' 0.05 '.' 0.1 ' 
' 1[] 
 []

[52]
<index_files/figure-latex/unnamed-chunk-110-1.pdf, id=792, 255.95625pt x 110.41
25pt>
File: index_files/figure-latex/unnamed-chunk-110-1.pdf Graphic file (type pdf)
<use index_files/figure-latex/unnamed-chunk-110-1.pdf>
Package pdftex.def Info: index_files/figure-latex/unnamed-chunk-110-1.pdf used 
on input line 2986.
(pdftex.def)             Requested size: 143.99846pt x 62.11697pt.
[53

]
<index_files/figure-latex/unnamed-chunk-111-1.pdf, id=797, 279.0425pt x 170.637
5pt>
File: index_files/figure-latex/unnamed-chunk-111-1.pdf Graphic file (type pdf)
<use index_files/figure-latex/unnamed-chunk-111-1.pdf>
Package pdftex.def Info: index_files/figure-latex/unnamed-chunk-111-1.pdf used 
on input line 3003.
(pdftex.def)             Requested size: 144.00441pt x 88.06024pt.

Overfull \hbox (20.60727pt too wide) in paragraph at lines 3031--3031
[]\T1/fvm/m/n/10 ## Signif. codes:  0 '***' 0.001 '**' 0.01 '*' 0.05 '.' 0.1 ' 
' 1[] 
 []


<index_files/figure-latex/unnamed-chunk-113-1.pdf, id=798, 256.96pt x 157.58875
pt>
File: index_files/figure-latex/unnamed-chunk-113-1.pdf Graphic file (type pdf)
<use index_files/figure-latex/unnamed-chunk-113-1.pdf>
Package pdftex.def Info: index_files/figure-latex/unnamed-chunk-113-1.pdf used 
on input line 3055.
(pdftex.def)             Requested size: 144.00247pt x 88.31401pt.

<index_files/figure-latex/unnamed-chunk-113-2.pdf, id=799, 255.95625pt x 106.39
75pt>
File: index_files/figure-latex/unnamed-chunk-113-2.pdf Graphic file (type pdf)
<use index_files/figure-latex/unnamed-chunk-113-2.pdf>
Package pdftex.def Info: index_files/figure-latex/unnamed-chunk-113-2.pdf used 
on input line 3068.
(pdftex.def)             Requested size: 143.99846pt x 59.85817pt.

LaTeX Warning: Marginpar on page 54 moved.

[54 <./index_files/figure-latex/unnamed-chunk-110-1.pdf> <./index_files/figure-
latex/unnamed-chunk-111-1.pdf> <./index_files/figure-latex/unnamed-chunk-113-1.
pdf> <./index_files/figure-latex/unnamed-chunk-113-2.pdf>] <totalProb.png, id=8
37, 701.62125pt x 539.01375pt>
File: totalProb.png Graphic file (type png)
<use totalProb.png>
Package pdftex.def Info: totalProb.png used on input line 3095.
(pdftex.def)             Requested size: 312.00099pt x 239.69174pt.
[55

] [56 <./totalProb.png (PNG copy)>] [57

] [58] <AirplaneMissileHits.png, id=873, 317.988pt x 133.4586pt>
File: AirplaneMissileHits.png Graphic file (type png)
<use AirplaneMissileHits.png>
Package pdftex.def Info: AirplaneMissileHits.png used on input line 3257.
(pdftex.def)             Requested size: 312.01427pt x 130.95143pt.

Underfull \vbox (badness 4752) has occurred while \output is active []

[59 <./AirplaneMissileHits.png>]
<index_files/figure-latex/unnamed-chunk-115-1.pdf, id=884, 273.02pt x 170.6375p
t>
File: index_files/figure-latex/unnamed-chunk-115-1.pdf Graphic file (type pdf)
<use index_files/figure-latex/unnamed-chunk-115-1.pdf>
Package pdftex.def Info: index_files/figure-latex/unnamed-chunk-115-1.pdf used 
on input line 3321.
(pdftex.def)             Requested size: 144.00003pt x 90.0pt.
[60 <./index_files/figure-latex/unnamed-chunk-115-1.pdf>] [61] <Pizza.png, id=9
25, 216.3282pt x 137.313pt>
File: Pizza.png Graphic file (type png)
<use Pizza.png>
Package pdftex.def Info: Pizza.png used on input line 3470.
(pdftex.def)             Requested size: 312.0207pt x 198.0532pt.
[62] [63 <./Pizza.png>] [64] [65] [66] [67] [68] [69] [70] [71] [72]
<index_files/figure-latex/unnamed-chunk-126-1.pdf, id=1075, 283.0575pt x 171.64
125pt>
File: index_files/figure-latex/unnamed-chunk-126-1.pdf Graphic file (type pdf)
<use index_files/figure-latex/unnamed-chunk-126-1.pdf>
Package pdftex.def Info: index_files/figure-latex/unnamed-chunk-126-1.pdf used 
on input line 4057.
(pdftex.def)             Requested size: 144.00323pt x 87.3211pt.

<index_files/figure-latex/unnamed-chunk-127-1.pdf, id=1076, 283.0575pt x 171.64
125pt>
File: index_files/figure-latex/unnamed-chunk-127-1.pdf Graphic file (type pdf)
<use index_files/figure-latex/unnamed-chunk-127-1.pdf>
Package pdftex.def Info: index_files/figure-latex/unnamed-chunk-127-1.pdf used 
on input line 4082.
(pdftex.def)             Requested size: 144.00323pt x 87.3211pt.

Overfull \hbox (20.60727pt too wide) in paragraph at lines 4111--4111
[]\T1/fvm/m/n/10 ## Signif. codes:  0 '***' 0.001 '**' 0.01 '*' 0.05 '.' 0.1 ' 
' 1[] 
 []

[73 <./index_files/figure-latex/unnamed-chunk-126-1.pdf> <./index_files/figure-
latex/unnamed-chunk-127-1.pdf>] [74]

Package bibentry Warning: You have used \nobibliography* 
(bibentry)                without a following \bibliography.
(bibentry)                You may not be able to run BibTeX.

Package atveryend Info: Empty hook `BeforeClearDocument' on input line 4213.
[75]
Package atveryend Info: Empty hook `AfterLastShipout' on input line 4213.
(./index.aux)
Package atveryend Info: Executing hook `AtVeryEndDocument' on input line 4213.
Package atveryend Info: Executing hook `AtEndAfterFileList' on input line 4213.

Package rerunfilecheck Info: File `index.out' has not changed.
(rerunfilecheck)             Checksum: 2F4088E8D1C5F4A3E9313A84B2C46404;8449.
Package atveryend Info: Empty hook `AtVeryVeryEnd' on input line 4213.
 ) 
Here is how much of TeX's memory you used:
 14964 strings out of 493014
 215494 string characters out of 6133351
 307307 words of memory out of 5000000
 17832 multiletter control sequences out of 15000+600000
 82635 words of font info for 136 fonts, out of 8000000 for 9000
 1141 hyphenation exceptions out of 8191
 46i,12n,45p,984b,496s stack positions out of 5000i,500n,10000p,200000b,80000s
{/usr/local/texlive/2016/texmf-dist/fonts/enc/dvips/base/8r.enc}</usr/local/t
exlive/2016/texmf-dist/fonts/type1/public/amsfonts/cm/cmmi10.pfb></usr/local/te
xlive/2016/texmf-dist/fonts/type1/public/amsfonts/cm/cmr10.pfb></usr/local/texl
ive/2016/texmf-dist/fonts/type1/public/amsfonts/cm/cmsy10.pfb></usr/local/texli
ve/2016/texmf-dist/fonts/type1/public/mathpazo/fplmr.pfb></usr/local/texlive/20
16/texmf-dist/fonts/type1/public/mathpazo/fplmri.pfb></usr/local/texlive/2016/t
exmf-dist/fonts/type1/public/fpl/fplrc8a.pfb></usr/local/texlive/2016/texmf-dis
t/fonts/type1/public/fpl/fplrij8a.pfb></usr/local/texlive/2016/texmf-dist/fonts
/type1/public/bera/fvmb8a.pfb></usr/local/texlive/2016/texmf-dist/fonts/type1/p
ublic/bera/fvmr8a.pfb></usr/local/texlive/2016/texmf-dist/fonts/type1/public/be
ra/fvmro8a.pfb></usr/local/texlive/2016/texmf-dist/fonts/type1/urw/helvetic/uhv
r8a.pfb></usr/local/texlive/2016/texmf-dist/fonts/type1/urw/palatino/uplb8a.pfb
></usr/local/texlive/2016/texmf-dist/fonts/type1/urw/palatino/uplr8a.pfb></usr/
local/texlive/2016/texmf-dist/fonts/type1/urw/palatino/uplri8a.pfb>
Output written on index.pdf (75 pages, 771694 bytes).
PDF statistics:
 1227 PDF objects out of 1440 (max. 8388607)
 980 compressed objects within 10 object streams
 284 named destinations out of 1000 (max. 500000)
 3251 words of extra memory for PDF output out of 10000 (max. 10000000)

